This is pdfTeX, Version 3.14159265-2.6-1.40.18 (TeX Live 2017/Debian) (preloaded format=pdflatex 2019.1.20)  17 FEB 2019 16:27
entering extended mode
 restricted \write18 enabled.
 file:line:error style messages enabled.
 %&-line parsing enabled.
**/home/tanh/TanhLearn/ThucHanhTinhToan/BaiTapLon/ConvexHull/BTL_ConvexHull.tex
(/home/tanh/TanhLearn/ThucHanhTinhToan/BaiTapLon/ConvexHull/BTL_ConvexHull.tex
LaTeX2e <2017-04-15>
Babel <3.18> and hyphenation patterns for 84 language(s) loaded.
(/usr/share/texlive/texmf-dist/tex/latex/base/article.cls
Document Class: article 2014/09/29 v1.4h Standard LaTeX document class
(/usr/share/texlive/texmf-dist/tex/latex/base/size12.clo
File: size12.clo 2014/09/29 v1.4h Standard LaTeX file (size option)
)
\c@part=\count79
\c@section=\count80
\c@subsection=\count81
\c@subsubsection=\count82
\c@paragraph=\count83
\c@subparagraph=\count84
\c@figure=\count85
\c@table=\count86
\abovecaptionskip=\skip41
\belowcaptionskip=\skip42
\bibindent=\dimen102
) (/usr/share/texlive/texmf-dist/tex/latex/amsmath/amsmath.sty
Package: amsmath 2017/09/02 v2.17a AMS math features
\@mathmargin=\skip43

For additional information on amsmath, use the `?' option.
(/usr/share/texlive/texmf-dist/tex/latex/amsmath/amstext.sty
Package: amstext 2000/06/29 v2.01 AMS text
 (/usr/share/texlive/texmf-dist/tex/latex/amsmath/amsgen.sty
File: amsgen.sty 1999/11/30 v2.0 generic functions
\@emptytoks=\toks14
\ex@=\dimen103
)) (/usr/share/texlive/texmf-dist/tex/latex/amsmath/amsbsy.sty
Package: amsbsy 1999/11/29 v1.2d Bold Symbols
\pmbraise@=\dimen104
) (/usr/share/texlive/texmf-dist/tex/latex/amsmath/amsopn.sty
Package: amsopn 2016/03/08 v2.02 operator names
)
\inf@bad=\count87
LaTeX Info: Redefining \frac on input line 213.
\uproot@=\count88
\leftroot@=\count89
LaTeX Info: Redefining \overline on input line 375.
\classnum@=\count90
\DOTSCASE@=\count91
LaTeX Info: Redefining \ldots on input line 472.
LaTeX Info: Redefining \dots on input line 475.
LaTeX Info: Redefining \cdots on input line 596.
\Mathstrutbox@=\box26
\strutbox@=\box27
\big@size=\dimen105
LaTeX Font Info:    Redeclaring font encoding OML on input line 712.
LaTeX Font Info:    Redeclaring font encoding OMS on input line 713.
\macc@depth=\count92
\c@MaxMatrixCols=\count93
\dotsspace@=\muskip10
\c@parentequation=\count94
\dspbrk@lvl=\count95
\tag@help=\toks15
\row@=\count96
\column@=\count97
\maxfields@=\count98
\andhelp@=\toks16
\eqnshift@=\dimen106
\alignsep@=\dimen107
\tagshift@=\dimen108
\tagwidth@=\dimen109
\totwidth@=\dimen110
\lineht@=\dimen111
\@envbody=\toks17
\multlinegap=\skip44
\multlinetaggap=\skip45
\mathdisplay@stack=\toks18
LaTeX Info: Redefining \[ on input line 2817.
LaTeX Info: Redefining \] on input line 2818.
) (/usr/share/texlive/texmf-dist/tex/latex/amsmath/amsxtra.sty
Package: amsxtra 1999/11/15 v1.2c AMS extra commands
LaTeX Info: Redefining \nobreakspace on input line 54.
) (/usr/share/texlive/texmf-dist/tex/latex/amsfonts/amssymb.sty
Package: amssymb 2013/01/14 v3.01 AMS font symbols
 (/usr/share/texlive/texmf-dist/tex/latex/amsfonts/amsfonts.sty
Package: amsfonts 2013/01/14 v3.01 Basic AMSFonts support
\symAMSa=\mathgroup4
\symAMSb=\mathgroup5
LaTeX Font Info:    Overwriting math alphabet `\mathfrak' in version `bold'
(Font)                  U/euf/m/n --> U/euf/b/n on input line 106.
)) (/usr/share/texlive/texmf-dist/tex/latex/base/latexsym.sty
Package: latexsym 1998/08/17 v2.2e Standard LaTeX package (lasy symbols)
\symlasy=\mathgroup6
LaTeX Font Info:    Overwriting symbol font `lasy' in version `bold'
(Font)                  U/lasy/m/n --> U/lasy/b/n on input line 52.
) (/usr/share/texlive/texmf-dist/tex/latex/amsmath/amscd.sty
Package: amscd 2017/04/14 v2.1 AMS Commutative Diagrams
\athelp@=\toks19
\minaw@=\dimen112
\bigaw@=\dimen113
\minCDarrowwidth=\dimen114
) (/usr/share/texlive/texmf-dist/tex/latex/amscls/amsthm.sty
Package: amsthm 2017/10/31 v2.20.4
\thm@style=\toks20
\thm@bodyfont=\toks21
\thm@headfont=\toks22
\thm@notefont=\toks23
\thm@headpunct=\toks24
\thm@preskip=\skip46
\thm@postskip=\skip47
\thm@headsep=\skip48
\dth@everypar=\toks25
) (/usr/share/texlive/texmf-dist/tex/latex/tools/indentfirst.sty
Package: indentfirst 1995/11/23 v1.03 Indent first paragraph (DPC)
) (/usr/share/texlive/texmf-dist/tex/latex/amsfonts/eucal.sty
Package: eucal 2009/06/22 v3.00 Euler Script fonts
LaTeX Font Info:    Overwriting math alphabet `\EuScript' in version `bold'
(Font)                  U/eus/m/n --> U/eus/b/n on input line 33.
) (/usr/share/texlive/texmf-dist/tex/latex/vntex/vietnam.sty
Package: vietnam 2009/07/12 v1.3 support for Vietnamese
 (/usr/share/texlive/texmf-dist/tex/latex/base/ifthen.sty
Package: ifthen 2014/09/29 v1.1c Standard LaTeX ifthen package (DPC)
) (/usr/share/texlive/texmf-dist/tex/latex/base/fontenc.sty
Package: fontenc 2017/04/05 v2.0i Standard LaTeX package
 (/usr/share/texlive/texmf-dist/tex/latex/vntex/t5enc.def
File: t5enc.def 2006/11/21 v1.4 Vietnamese T5 encoding
)
LaTeX Font Info:    Try loading font information for T5+cmr on input line 105.
 (/usr/share/texlive/texmf-dist/tex/latex/vntex/t5cmr.fd
File: t5cmr.fd 1999/05/25 v2.5h Standard LaTeX font definitions
)) (/usr/share/texlive/texmf-dist/tex/latex/base/inputenc.sty
Package: inputenc 2015/03/17 v1.2c Input encoding file
\inpenc@prehook=\toks26
\inpenc@posthook=\toks27
 (/usr/share/texlive/texmf-dist/tex/latex/base/utf8.def
File: utf8.def 2017/01/28 v1.1t UTF-8 support for inputenc
Now handling font encoding OML ...
... no UTF-8 mapping file for font encoding OML
Now handling font encoding T1 ...
... processing UTF-8 mapping file for font encoding T1
 (/usr/share/texlive/texmf-dist/tex/latex/base/t1enc.dfu
File: t1enc.dfu 2017/01/28 v1.1t UTF-8 support for inputenc
   defining Unicode char U+00A0 (decimal 160)
   defining Unicode char U+00A1 (decimal 161)
   defining Unicode char U+00A3 (decimal 163)
   defining Unicode char U+00AB (decimal 171)
   defining Unicode char U+00AD (decimal 173)
   defining Unicode char U+00BB (decimal 187)
   defining Unicode char U+00BF (decimal 191)
   defining Unicode char U+00C0 (decimal 192)
   defining Unicode char U+00C1 (decimal 193)
   defining Unicode char U+00C2 (decimal 194)
   defining Unicode char U+00C3 (decimal 195)
   defining Unicode char U+00C4 (decimal 196)
   defining Unicode char U+00C5 (decimal 197)
   defining Unicode char U+00C6 (decimal 198)
   defining Unicode char U+00C7 (decimal 199)
   defining Unicode char U+00C8 (decimal 200)
   defining Unicode char U+00C9 (decimal 201)
   defining Unicode char U+00CA (decimal 202)
   defining Unicode char U+00CB (decimal 203)
   defining Unicode char U+00CC (decimal 204)
   defining Unicode char U+00CD (decimal 205)
   defining Unicode char U+00CE (decimal 206)
   defining Unicode char U+00CF (decimal 207)
   defining Unicode char U+00D0 (decimal 208)
   defining Unicode char U+00D1 (decimal 209)
   defining Unicode char U+00D2 (decimal 210)
   defining Unicode char U+00D3 (decimal 211)
   defining Unicode char U+00D4 (decimal 212)
   defining Unicode char U+00D5 (decimal 213)
   defining Unicode char U+00D6 (decimal 214)
   defining Unicode char U+00D8 (decimal 216)
   defining Unicode char U+00D9 (decimal 217)
   defining Unicode char U+00DA (decimal 218)
   defining Unicode char U+00DB (decimal 219)
   defining Unicode char U+00DC (decimal 220)
   defining Unicode char U+00DD (decimal 221)
   defining Unicode char U+00DE (decimal 222)
   defining Unicode char U+00DF (decimal 223)
   defining Unicode char U+00E0 (decimal 224)
   defining Unicode char U+00E1 (decimal 225)
   defining Unicode char U+00E2 (decimal 226)
   defining Unicode char U+00E3 (decimal 227)
   defining Unicode char U+00E4 (decimal 228)
   defining Unicode char U+00E5 (decimal 229)
   defining Unicode char U+00E6 (decimal 230)
   defining Unicode char U+00E7 (decimal 231)
   defining Unicode char U+00E8 (decimal 232)
   defining Unicode char U+00E9 (decimal 233)
   defining Unicode char U+00EA (decimal 234)
   defining Unicode char U+00EB (decimal 235)
   defining Unicode char U+00EC (decimal 236)
   defining Unicode char U+00ED (decimal 237)
   defining Unicode char U+00EE (decimal 238)
   defining Unicode char U+00EF (decimal 239)
   defining Unicode char U+00F0 (decimal 240)
   defining Unicode char U+00F1 (decimal 241)
   defining Unicode char U+00F2 (decimal 242)
   defining Unicode char U+00F3 (decimal 243)
   defining Unicode char U+00F4 (decimal 244)
   defining Unicode char U+00F5 (decimal 245)
   defining Unicode char U+00F6 (decimal 246)
   defining Unicode char U+00F8 (decimal 248)
   defining Unicode char U+00F9 (decimal 249)
   defining Unicode char U+00FA (decimal 250)
   defining Unicode char U+00FB (decimal 251)
   defining Unicode char U+00FC (decimal 252)
   defining Unicode char U+00FD (decimal 253)
   defining Unicode char U+00FE (decimal 254)
   defining Unicode char U+00FF (decimal 255)
   defining Unicode char U+0100 (decimal 256)
   defining Unicode char U+0101 (decimal 257)
   defining Unicode char U+0102 (decimal 258)
   defining Unicode char U+0103 (decimal 259)
   defining Unicode char U+0104 (decimal 260)
   defining Unicode char U+0105 (decimal 261)
   defining Unicode char U+0106 (decimal 262)
   defining Unicode char U+0107 (decimal 263)
   defining Unicode char U+0108 (decimal 264)
   defining Unicode char U+0109 (decimal 265)
   defining Unicode char U+010A (decimal 266)
   defining Unicode char U+010B (decimal 267)
   defining Unicode char U+010C (decimal 268)
   defining Unicode char U+010D (decimal 269)
   defining Unicode char U+010E (decimal 270)
   defining Unicode char U+010F (decimal 271)
   defining Unicode char U+0110 (decimal 272)
   defining Unicode char U+0111 (decimal 273)
   defining Unicode char U+0112 (decimal 274)
   defining Unicode char U+0113 (decimal 275)
   defining Unicode char U+0114 (decimal 276)
   defining Unicode char U+0115 (decimal 277)
   defining Unicode char U+0116 (decimal 278)
   defining Unicode char U+0117 (decimal 279)
   defining Unicode char U+0118 (decimal 280)
   defining Unicode char U+0119 (decimal 281)
   defining Unicode char U+011A (decimal 282)
   defining Unicode char U+011B (decimal 283)
   defining Unicode char U+011C (decimal 284)
   defining Unicode char U+011D (decimal 285)
   defining Unicode char U+011E (decimal 286)
   defining Unicode char U+011F (decimal 287)
   defining Unicode char U+0120 (decimal 288)
   defining Unicode char U+0121 (decimal 289)
   defining Unicode char U+0122 (decimal 290)
   defining Unicode char U+0123 (decimal 291)
   defining Unicode char U+0124 (decimal 292)
   defining Unicode char U+0125 (decimal 293)
   defining Unicode char U+0128 (decimal 296)
   defining Unicode char U+0129 (decimal 297)
   defining Unicode char U+012A (decimal 298)
   defining Unicode char U+012B (decimal 299)
   defining Unicode char U+012C (decimal 300)
   defining Unicode char U+012D (decimal 301)
   defining Unicode char U+012E (decimal 302)
   defining Unicode char U+012F (decimal 303)
   defining Unicode char U+0130 (decimal 304)
   defining Unicode char U+0131 (decimal 305)
   defining Unicode char U+0132 (decimal 306)
   defining Unicode char U+0133 (decimal 307)
   defining Unicode char U+0134 (decimal 308)
   defining Unicode char U+0135 (decimal 309)
   defining Unicode char U+0136 (decimal 310)
   defining Unicode char U+0137 (decimal 311)
   defining Unicode char U+0139 (decimal 313)
   defining Unicode char U+013A (decimal 314)
   defining Unicode char U+013B (decimal 315)
   defining Unicode char U+013C (decimal 316)
   defining Unicode char U+013D (decimal 317)
   defining Unicode char U+013E (decimal 318)
   defining Unicode char U+0141 (decimal 321)
   defining Unicode char U+0142 (decimal 322)
   defining Unicode char U+0143 (decimal 323)
   defining Unicode char U+0144 (decimal 324)
   defining Unicode char U+0145 (decimal 325)
   defining Unicode char U+0146 (decimal 326)
   defining Unicode char U+0147 (decimal 327)
   defining Unicode char U+0148 (decimal 328)
   defining Unicode char U+014A (decimal 330)
   defining Unicode char U+014B (decimal 331)
   defining Unicode char U+014C (decimal 332)
   defining Unicode char U+014D (decimal 333)
   defining Unicode char U+014E (decimal 334)
   defining Unicode char U+014F (decimal 335)
   defining Unicode char U+0150 (decimal 336)
   defining Unicode char U+0151 (decimal 337)
   defining Unicode char U+0152 (decimal 338)
   defining Unicode char U+0153 (decimal 339)
   defining Unicode char U+0154 (decimal 340)
   defining Unicode char U+0155 (decimal 341)
   defining Unicode char U+0156 (decimal 342)
   defining Unicode char U+0157 (decimal 343)
   defining Unicode char U+0158 (decimal 344)
   defining Unicode char U+0159 (decimal 345)
   defining Unicode char U+015A (decimal 346)
   defining Unicode char U+015B (decimal 347)
   defining Unicode char U+015C (decimal 348)
   defining Unicode char U+015D (decimal 349)
   defining Unicode char U+015E (decimal 350)
   defining Unicode char U+015F (decimal 351)
   defining Unicode char U+0160 (decimal 352)
   defining Unicode char U+0161 (decimal 353)
   defining Unicode char U+0162 (decimal 354)
   defining Unicode char U+0163 (decimal 355)
   defining Unicode char U+0164 (decimal 356)
   defining Unicode char U+0165 (decimal 357)
   defining Unicode char U+0168 (decimal 360)
   defining Unicode char U+0169 (decimal 361)
   defining Unicode char U+016A (decimal 362)
   defining Unicode char U+016B (decimal 363)
   defining Unicode char U+016C (decimal 364)
   defining Unicode char U+016D (decimal 365)
   defining Unicode char U+016E (decimal 366)
   defining Unicode char U+016F (decimal 367)
   defining Unicode char U+0170 (decimal 368)
   defining Unicode char U+0171 (decimal 369)
   defining Unicode char U+0172 (decimal 370)
   defining Unicode char U+0173 (decimal 371)
   defining Unicode char U+0174 (decimal 372)
   defining Unicode char U+0175 (decimal 373)
   defining Unicode char U+0176 (decimal 374)
   defining Unicode char U+0177 (decimal 375)
   defining Unicode char U+0178 (decimal 376)
   defining Unicode char U+0179 (decimal 377)
   defining Unicode char U+017A (decimal 378)
   defining Unicode char U+017B (decimal 379)
   defining Unicode char U+017C (decimal 380)
   defining Unicode char U+017D (decimal 381)
   defining Unicode char U+017E (decimal 382)
   defining Unicode char U+01CD (decimal 461)
   defining Unicode char U+01CE (decimal 462)
   defining Unicode char U+01CF (decimal 463)
   defining Unicode char U+01D0 (decimal 464)
   defining Unicode char U+01D1 (decimal 465)
   defining Unicode char U+01D2 (decimal 466)
   defining Unicode char U+01D3 (decimal 467)
   defining Unicode char U+01D4 (decimal 468)
   defining Unicode char U+01E2 (decimal 482)
   defining Unicode char U+01E3 (decimal 483)
   defining Unicode char U+01E6 (decimal 486)
   defining Unicode char U+01E7 (decimal 487)
   defining Unicode char U+01E8 (decimal 488)
   defining Unicode char U+01E9 (decimal 489)
   defining Unicode char U+01EA (decimal 490)
   defining Unicode char U+01EB (decimal 491)
   defining Unicode char U+01F0 (decimal 496)
   defining Unicode char U+01F4 (decimal 500)
   defining Unicode char U+01F5 (decimal 501)
   defining Unicode char U+0218 (decimal 536)
   defining Unicode char U+0219 (decimal 537)
   defining Unicode char U+021A (decimal 538)
   defining Unicode char U+021B (decimal 539)
   defining Unicode char U+0232 (decimal 562)
   defining Unicode char U+0233 (decimal 563)
   defining Unicode char U+1E02 (decimal 7682)
   defining Unicode char U+1E03 (decimal 7683)
   defining Unicode char U+200C (decimal 8204)
   defining Unicode char U+2010 (decimal 8208)
   defining Unicode char U+2011 (decimal 8209)
   defining Unicode char U+2012 (decimal 8210)
   defining Unicode char U+2013 (decimal 8211)
   defining Unicode char U+2014 (decimal 8212)
   defining Unicode char U+2015 (decimal 8213)
   defining Unicode char U+2018 (decimal 8216)
   defining Unicode char U+2019 (decimal 8217)
   defining Unicode char U+201A (decimal 8218)
   defining Unicode char U+201C (decimal 8220)
   defining Unicode char U+201D (decimal 8221)
   defining Unicode char U+201E (decimal 8222)
   defining Unicode char U+2030 (decimal 8240)
   defining Unicode char U+2031 (decimal 8241)
   defining Unicode char U+2039 (decimal 8249)
   defining Unicode char U+203A (decimal 8250)
   defining Unicode char U+2423 (decimal 9251)
   defining Unicode char U+1E20 (decimal 7712)
   defining Unicode char U+1E21 (decimal 7713)
)
Now handling font encoding OT1 ...
... processing UTF-8 mapping file for font encoding OT1
 (/usr/share/texlive/texmf-dist/tex/latex/base/ot1enc.dfu
File: ot1enc.dfu 2017/01/28 v1.1t UTF-8 support for inputenc
   defining Unicode char U+00A0 (decimal 160)
   defining Unicode char U+00A1 (decimal 161)
   defining Unicode char U+00A3 (decimal 163)
   defining Unicode char U+00AD (decimal 173)
   defining Unicode char U+00B8 (decimal 184)
   defining Unicode char U+00BF (decimal 191)
   defining Unicode char U+00C5 (decimal 197)
   defining Unicode char U+00C6 (decimal 198)
   defining Unicode char U+00D8 (decimal 216)
   defining Unicode char U+00DF (decimal 223)
   defining Unicode char U+00E6 (decimal 230)
   defining Unicode char U+00EC (decimal 236)
   defining Unicode char U+00ED (decimal 237)
   defining Unicode char U+00EE (decimal 238)
   defining Unicode char U+00EF (decimal 239)
   defining Unicode char U+00F8 (decimal 248)
   defining Unicode char U+0131 (decimal 305)
   defining Unicode char U+0141 (decimal 321)
   defining Unicode char U+0142 (decimal 322)
   defining Unicode char U+0152 (decimal 338)
   defining Unicode char U+0153 (decimal 339)
   defining Unicode char U+0174 (decimal 372)
   defining Unicode char U+0175 (decimal 373)
   defining Unicode char U+0176 (decimal 374)
   defining Unicode char U+0177 (decimal 375)
   defining Unicode char U+0218 (decimal 536)
   defining Unicode char U+0219 (decimal 537)
   defining Unicode char U+021A (decimal 538)
   defining Unicode char U+021B (decimal 539)
   defining Unicode char U+2013 (decimal 8211)
   defining Unicode char U+2014 (decimal 8212)
   defining Unicode char U+2018 (decimal 8216)
   defining Unicode char U+2019 (decimal 8217)
   defining Unicode char U+201C (decimal 8220)
   defining Unicode char U+201D (decimal 8221)
)
Now handling font encoding OMS ...
... processing UTF-8 mapping file for font encoding OMS
 (/usr/share/texlive/texmf-dist/tex/latex/base/omsenc.dfu
File: omsenc.dfu 2017/01/28 v1.1t UTF-8 support for inputenc
   defining Unicode char U+00A7 (decimal 167)
   defining Unicode char U+00B6 (decimal 182)
   defining Unicode char U+00B7 (decimal 183)
   defining Unicode char U+2020 (decimal 8224)
   defining Unicode char U+2021 (decimal 8225)
   defining Unicode char U+2022 (decimal 8226)
)
Now handling font encoding OMX ...
... no UTF-8 mapping file for font encoding OMX
Now handling font encoding U ...
... no UTF-8 mapping file for font encoding U
Now handling font encoding T5 ...
... processing UTF-8 mapping file for font encoding T5
 (/usr/share/texlive/texmf-dist/tex/latex/vntex/t5enc.dfu
File: t5enc.dfu 2006/08/19 v1.1 UTF8 support for Vietnamese
   defining Unicode char U+00AB (decimal 171)
   defining Unicode char U+00BB (decimal 187)
   defining Unicode char U+00C0 (decimal 192)
   defining Unicode char U+00C1 (decimal 193)
   defining Unicode char U+00C2 (decimal 194)
   defining Unicode char U+00C3 (decimal 195)
   defining Unicode char U+00C8 (decimal 200)
   defining Unicode char U+00C9 (decimal 201)
   defining Unicode char U+00CA (decimal 202)
   defining Unicode char U+00CC (decimal 204)
   defining Unicode char U+00CD (decimal 205)
   defining Unicode char U+00D2 (decimal 210)
   defining Unicode char U+00D3 (decimal 211)
   defining Unicode char U+00D4 (decimal 212)
   defining Unicode char U+00D5 (decimal 213)
   defining Unicode char U+00D9 (decimal 217)
   defining Unicode char U+00DA (decimal 218)
   defining Unicode char U+00DD (decimal 221)
   defining Unicode char U+00E0 (decimal 224)
   defining Unicode char U+00E1 (decimal 225)
   defining Unicode char U+00E2 (decimal 226)
   defining Unicode char U+00E3 (decimal 227)
   defining Unicode char U+00E8 (decimal 232)
   defining Unicode char U+00E9 (decimal 233)
   defining Unicode char U+00EA (decimal 234)
   defining Unicode char U+00EC (decimal 236)
   defining Unicode char U+00ED (decimal 237)
   defining Unicode char U+00F2 (decimal 242)
   defining Unicode char U+00F3 (decimal 243)
   defining Unicode char U+00F4 (decimal 244)
   defining Unicode char U+00F5 (decimal 245)
   defining Unicode char U+00F9 (decimal 249)
   defining Unicode char U+00FA (decimal 250)
   defining Unicode char U+00FD (decimal 253)
   defining Unicode char U+0102 (decimal 258)
   defining Unicode char U+0103 (decimal 259)
   defining Unicode char U+0110 (decimal 272)
   defining Unicode char U+0111 (decimal 273)
   defining Unicode char U+0128 (decimal 296)
   defining Unicode char U+0129 (decimal 297)
   defining Unicode char U+0131 (decimal 305)
   defining Unicode char U+0168 (decimal 360)
   defining Unicode char U+0169 (decimal 361)
   defining Unicode char U+01A0 (decimal 416)
   defining Unicode char U+01A1 (decimal 417)
   defining Unicode char U+01AF (decimal 431)
   defining Unicode char U+01B0 (decimal 432)
   defining Unicode char U+1EA0 (decimal 7840)
   defining Unicode char U+1EA1 (decimal 7841)
   defining Unicode char U+1EA2 (decimal 7842)
   defining Unicode char U+1EA3 (decimal 7843)
   defining Unicode char U+1EA4 (decimal 7844)
   defining Unicode char U+1EA5 (decimal 7845)
   defining Unicode char U+1EA6 (decimal 7846)
   defining Unicode char U+1EA7 (decimal 7847)
   defining Unicode char U+1EA8 (decimal 7848)
   defining Unicode char U+1EA9 (decimal 7849)
   defining Unicode char U+1EAA (decimal 7850)
   defining Unicode char U+1EAB (decimal 7851)
   defining Unicode char U+1EAC (decimal 7852)
   defining Unicode char U+1EAD (decimal 7853)
   defining Unicode char U+1EAE (decimal 7854)
   defining Unicode char U+1EAF (decimal 7855)
   defining Unicode char U+1EB0 (decimal 7856)
   defining Unicode char U+1EB1 (decimal 7857)
   defining Unicode char U+1EB2 (decimal 7858)
   defining Unicode char U+1EB3 (decimal 7859)
   defining Unicode char U+1EB4 (decimal 7860)
   defining Unicode char U+1EB5 (decimal 7861)
   defining Unicode char U+1EB6 (decimal 7862)
   defining Unicode char U+1EB7 (decimal 7863)
   defining Unicode char U+1EB8 (decimal 7864)
   defining Unicode char U+1EB9 (decimal 7865)
   defining Unicode char U+1EBA (decimal 7866)
   defining Unicode char U+1EBB (decimal 7867)
   defining Unicode char U+1EBC (decimal 7868)
   defining Unicode char U+1EBD (decimal 7869)
   defining Unicode char U+1EBE (decimal 7870)
   defining Unicode char U+1EBF (decimal 7871)
   defining Unicode char U+1EC0 (decimal 7872)
   defining Unicode char U+1EC1 (decimal 7873)
   defining Unicode char U+1EC2 (decimal 7874)
   defining Unicode char U+1EC3 (decimal 7875)
   defining Unicode char U+1EC4 (decimal 7876)
   defining Unicode char U+1EC5 (decimal 7877)
   defining Unicode char U+1EC6 (decimal 7878)
   defining Unicode char U+1EC7 (decimal 7879)
   defining Unicode char U+1EC8 (decimal 7880)
   defining Unicode char U+1EC9 (decimal 7881)
   defining Unicode char U+1ECA (decimal 7882)
   defining Unicode char U+1ECB (decimal 7883)
   defining Unicode char U+1ECC (decimal 7884)
   defining Unicode char U+1ECD (decimal 7885)
   defining Unicode char U+1ECE (decimal 7886)
   defining Unicode char U+1ECF (decimal 7887)
   defining Unicode char U+1ED0 (decimal 7888)
   defining Unicode char U+1ED1 (decimal 7889)
   defining Unicode char U+1ED2 (decimal 7890)
   defining Unicode char U+1ED3 (decimal 7891)
   defining Unicode char U+1ED4 (decimal 7892)
   defining Unicode char U+1ED5 (decimal 7893)
   defining Unicode char U+1ED6 (decimal 7894)
   defining Unicode char U+1ED7 (decimal 7895)
   defining Unicode char U+1ED8 (decimal 7896)
   defining Unicode char U+1ED9 (decimal 7897)
   defining Unicode char U+1EDA (decimal 7898)
   defining Unicode char U+1EDB (decimal 7899)
   defining Unicode char U+1EDC (decimal 7900)
   defining Unicode char U+1EDD (decimal 7901)
   defining Unicode char U+1EDE (decimal 7902)
   defining Unicode char U+1EDF (decimal 7903)
   defining Unicode char U+1EE0 (decimal 7904)
   defining Unicode char U+1EE1 (decimal 7905)
   defining Unicode char U+1EE2 (decimal 7906)
   defining Unicode char U+1EE3 (decimal 7907)
   defining Unicode char U+1EE4 (decimal 7908)
   defining Unicode char U+1EE5 (decimal 7909)
   defining Unicode char U+1EE6 (decimal 7910)
   defining Unicode char U+1EE7 (decimal 7911)
   defining Unicode char U+1EE8 (decimal 7912)
   defining Unicode char U+1EE9 (decimal 7913)
   defining Unicode char U+1EEA (decimal 7914)
   defining Unicode char U+1EEB (decimal 7915)
   defining Unicode char U+1EEC (decimal 7916)
   defining Unicode char U+1EED (decimal 7917)
   defining Unicode char U+1EEE (decimal 7918)
   defining Unicode char U+1EEF (decimal 7919)
   defining Unicode char U+1EF0 (decimal 7920)
   defining Unicode char U+1EF1 (decimal 7921)
   defining Unicode char U+1EF2 (decimal 7922)
   defining Unicode char U+1EF3 (decimal 7923)
   defining Unicode char U+1EF4 (decimal 7924)
   defining Unicode char U+1EF5 (decimal 7925)
   defining Unicode char U+1EF6 (decimal 7926)
   defining Unicode char U+1EF7 (decimal 7927)
   defining Unicode char U+1EF8 (decimal 7928)
   defining Unicode char U+1EF9 (decimal 7929)
   defining Unicode char U+200C (decimal 8204)
   defining Unicode char U+2013 (decimal 8211)
   defining Unicode char U+2014 (decimal 8212)
   defining Unicode char U+2018 (decimal 8216)
   defining Unicode char U+2019 (decimal 8217)
   defining Unicode char U+201A (decimal 8218)
   defining Unicode char U+201C (decimal 8220)
   defining Unicode char U+201D (decimal 8221)
   defining Unicode char U+201E (decimal 8222)
   defining Unicode char U+2030 (decimal 8240)
   defining Unicode char U+2031 (decimal 8241)
   defining Unicode char U+2039 (decimal 8249)
   defining Unicode char U+203A (decimal 8250)
   defining Unicode char U+2423 (decimal 9251)
)
   defining Unicode char U+00A9 (decimal 169)
   defining Unicode char U+00AA (decimal 170)
   defining Unicode char U+00AE (decimal 174)
   defining Unicode char U+00BA (decimal 186)
   defining Unicode char U+02C6 (decimal 710)
   defining Unicode char U+02DC (decimal 732)
   defining Unicode char U+200C (decimal 8204)
   defining Unicode char U+2026 (decimal 8230)
   defining Unicode char U+2122 (decimal 8482)
   defining Unicode char U+2423 (decimal 9251)
)) (/usr/share/texlive/texmf-dist/tex/latex/vntex/vncaps.tex
File: vncaps.tex 2006/06/07 v1.1 Captions in Vietnamese
)) (/usr/share/texlive/texmf-dist/tex/latex/graphics/graphicx.sty
Package: graphicx 2017/06/01 v1.1a Enhanced LaTeX Graphics (DPC,SPQR)
 (/usr/share/texlive/texmf-dist/tex/latex/graphics/keyval.sty
Package: keyval 2014/10/28 v1.15 key=value parser (DPC)
\KV@toks@=\toks28
) (/usr/share/texlive/texmf-dist/tex/latex/graphics/graphics.sty
Package: graphics 2017/06/25 v1.2c Standard LaTeX Graphics (DPC,SPQR)
 (/usr/share/texlive/texmf-dist/tex/latex/graphics/trig.sty
Package: trig 2016/01/03 v1.10 sin cos tan (DPC)
) (/usr/share/texlive/texmf-dist/tex/latex/graphics-cfg/graphics.cfg
File: graphics.cfg 2016/06/04 v1.11 sample graphics configuration
)
Package graphics Info: Driver file: pdftex.def on input line 99.
 (/usr/share/texlive/texmf-dist/tex/latex/graphics-def/pdftex.def
File: pdftex.def 2018/01/08 v1.0l Graphics/color driver for pdftex
))
\Gin@req@height=\dimen115
\Gin@req@width=\dimen116
) (/usr/share/texlive/texmf-dist/tex/latex/graphics/color.sty
Package: color 2016/07/10 v1.1e Standard LaTeX Color (DPC)
 (/usr/share/texlive/texmf-dist/tex/latex/graphics-cfg/color.cfg
File: color.cfg 2016/01/02 v1.6 sample color configuration
)
Package color Info: Driver file: pdftex.def on input line 147.
) (/usr/share/texlive/texmf-dist/tex/latex/fancyhdr/fancyhdr.sty
Package: fancyhdr 2017/06/30 v3.9a Extensive control of page headers and footers
\f@nch@headwidth=\skip49
\f@nch@O@elh=\skip50
\f@nch@O@erh=\skip51
\f@nch@O@olh=\skip52
\f@nch@O@orh=\skip53
\f@nch@O@elf=\skip54
\f@nch@O@erf=\skip55
\f@nch@O@olf=\skip56
\f@nch@O@orf=\skip57
) (/usr/share/texlive/texmf-dist/tex/latex/algorithms/algorithm.sty
Package: algorithm 2009/08/24 v0.1 Document Style `algorithm' - floating environment
 (/usr/share/texlive/texmf-dist/tex/latex/float/float.sty
Package: float 2001/11/08 v1.3d Float enhancements (AL)
\c@float@type=\count99
\float@exts=\toks29
\float@box=\box28
\@float@everytoks=\toks30
\@floatcapt=\box29
)
\@float@every@algorithm=\toks31
\c@algorithm=\count100
) (/usr/share/texlive/texmf-dist/tex/latex/algorithmicx/algpseudocode.sty
Package: algpseudocode 
 (/usr/share/texlive/texmf-dist/tex/latex/algorithmicx/algorithmicx.sty
Package: algorithmicx 2005/04/27 v1.2 Algorithmicx

Document Style algorithmicx 1.2 - a greatly improved `algorithmic' style
\c@ALG@line=\count101
\c@ALG@rem=\count102
\c@ALG@nested=\count103
\ALG@tlm=\skip58
\ALG@thistlm=\skip59
\c@ALG@Lnr=\count104
\c@ALG@blocknr=\count105
\c@ALG@storecount=\count106
\c@ALG@tmpcounter=\count107
\ALG@tmplength=\skip60
)
Document Style - pseudocode environments for use with the `algorithmicx' style
) (/usr/share/texlive/texmf-dist/tex/latex/animate/animate.sty
Package: animate 2018/02/28 PDF animations from files and inline graphics
 (/usr/share/texlive/texmf-dist/tex/latex/xkeyval/xkeyval.sty
Package: xkeyval 2014/12/03 v2.7a package option processing (HA)
 (/usr/share/texlive/texmf-dist/tex/generic/xkeyval/xkeyval.tex (/usr/share/texlive/texmf-dist/tex/generic/xkeyval/xkvutils.tex
\XKV@toks=\toks32
\XKV@tempa@toks=\toks33
)
\XKV@depth=\count108
File: xkeyval.tex 2014/12/03 v2.7a key=value parser (HA)
)) (/usr/share/texlive/texmf-dist/tex/generic/oberdiek/ifpdf.sty
Package: ifpdf 2017/03/15 v3.2 Provides the ifpdf switch
) (/usr/share/texlive/texmf-dist/tex/generic/oberdiek/ifluatex.sty
Package: ifluatex 2016/05/16 v1.4 Provides the ifluatex switch (HO)
Package ifluatex Info: LuaTeX not detected.
) (/usr/share/texlive/texmf-dist/tex/generic/ifxetex/ifxetex.sty
Package: ifxetex 2010/09/12 v0.6 Provides ifxetex conditional
) (/usr/share/texlive/texmf-dist/tex/latex/oberdiek/ifdraft.sty
Package: ifdraft 2016/05/16 v1.4 Detect class options draft and final (HO)
) (/usr/share/texlive/texmf-dist/tex/latex/tools/calc.sty
Package: calc 2014/10/28 v4.3 Infix arithmetic (KKT,FJ)
\calc@Acount=\count109
\calc@Bcount=\count110
\calc@Adimen=\dimen117
\calc@Bdimen=\dimen118
\calc@Askip=\skip61
\calc@Bskip=\skip62
LaTeX Info: Redefining \setlength on input line 80.
LaTeX Info: Redefining \addtolength on input line 81.
\calc@Ccount=\count111
\calc@Cskip=\skip63
) (/usr/share/texlive/texmf-dist/tex/latex/media9/pdfbase.sty (/usr/share/texlive/texmf-dist/tex/latex/l3kernel/expl3.sty
Package: expl3 2018/02/21 L3 programming layer (loader) 
 (/usr/share/texlive/texmf-dist/tex/latex/l3kernel/expl3-code.tex
Package: expl3 2018/02/21 L3 programming layer (code)
\c_max_int=\count112
\l_tmpa_int=\count113
\l_tmpb_int=\count114
\g_tmpa_int=\count115
\g_tmpb_int=\count116
\g__intarray_font_int=\count117
\g__prg_map_int=\count118
\c_log_iow=\count119
\l_iow_line_count_int=\count120
\l__iow_line_target_int=\count121
\l__iow_one_indent_int=\count122
\l__iow_indent_int=\count123
\c_zero_dim=\dimen119
\c_max_dim=\dimen120
\l_tmpa_dim=\dimen121
\l_tmpb_dim=\dimen122
\g_tmpa_dim=\dimen123
\g_tmpb_dim=\dimen124
\c_zero_skip=\skip64
\c_max_skip=\skip65
\l_tmpa_skip=\skip66
\l_tmpb_skip=\skip67
\g_tmpa_skip=\skip68
\g_tmpb_skip=\skip69
\c_zero_muskip=\muskip11
\c_max_muskip=\muskip12
\l_tmpa_muskip=\muskip13
\l_tmpb_muskip=\muskip14
\g_tmpa_muskip=\muskip15
\g_tmpb_muskip=\muskip16
\l_keys_choice_int=\count124
\c__fp_leading_shift_int=\count125
\c__fp_middle_shift_int=\count126
\c__fp_trailing_shift_int=\count127
\c__fp_big_leading_shift_int=\count128
\c__fp_big_middle_shift_int=\count129
\c__fp_big_trailing_shift_int=\count130
\c__fp_Bigg_leading_shift_int=\count131
\c__fp_Bigg_middle_shift_int=\count132
\c__fp_Bigg_trailing_shift_int=\count133
\c__fp_rand_size_int=\count134
\c__fp_rand_four_int=\count135
\c__fp_rand_eight_int=\count136
\l__sort_length_int=\count137
\l__sort_min_int=\count138
\l__sort_top_int=\count139
\l__sort_max_int=\count140
\l__sort_true_max_int=\count141
\l__sort_block_int=\count142
\l__sort_begin_int=\count143
\l__sort_end_int=\count144
\l__sort_A_int=\count145
\l__sort_B_int=\count146
\l__sort_C_int=\count147
\l__tl_build_start_index_int=\count148
\l__tl_build_index_int=\count149
\l__tl_analysis_normal_int=\count150
\l__tl_analysis_index_int=\count151
\l__tl_analysis_nesting_int=\count152
\l__tl_analysis_type_int=\count153
\l__regex_internal_a_int=\count154
\l__regex_internal_b_int=\count155
\l__regex_internal_c_int=\count156
\l__regex_balance_int=\count157
\l__regex_group_level_int=\count158
\l__regex_mode_int=\count159
\c__regex_cs_in_class_mode_int=\count160
\c__regex_cs_mode_int=\count161
\l__regex_catcodes_int=\count162
\l__regex_default_catcodes_int=\count163
\c__regex_catcode_D_int=\count164
\c__regex_catcode_S_int=\count165
\c__regex_catcode_L_int=\count166
\c__regex_catcode_O_int=\count167
\c__regex_catcode_A_int=\count168
\c__regex_all_catcodes_int=\count169
\l__regex_show_lines_int=\count170
\l__regex_min_state_int=\count171
\l__regex_max_state_int=\count172
\l__regex_left_state_int=\count173
\l__regex_right_state_int=\count174
\l__regex_capturing_group_int=\count175
\l__regex_min_pos_int=\count176
\l__regex_max_pos_int=\count177
\l__regex_curr_pos_int=\count178
\l__regex_start_pos_int=\count179
\l__regex_success_pos_int=\count180
\l__regex_curr_char_int=\count181
\l__regex_curr_catcode_int=\count182
\l__regex_last_char_int=\count183
\l__regex_case_changed_char_int=\count184
\l__regex_curr_state_int=\count185
\l__regex_step_int=\count186
\l__regex_min_active_int=\count187
\l__regex_max_active_int=\count188
\l__regex_replacement_csnames_int=\count189
\l__regex_match_count_int=\count190
\l__regex_min_submatch_int=\count191
\l__regex_submatch_int=\count192
\l__regex_zeroth_submatch_int=\count193
\g__regex_trace_regex_int=\count194
\c_empty_box=\box30
\l_tmpa_box=\box31
\l_tmpb_box=\box32
\g_tmpa_box=\box33
\g_tmpb_box=\box34
\l__box_top_dim=\dimen125
\l__box_bottom_dim=\dimen126
\l__box_left_dim=\dimen127
\l__box_right_dim=\dimen128
\l__box_top_new_dim=\dimen129
\l__box_bottom_new_dim=\dimen130
\l__box_left_new_dim=\dimen131
\l__box_right_new_dim=\dimen132
\l__box_internal_box=\box35
\l__coffin_internal_box=\box36
\l__coffin_internal_dim=\dimen133
\l__coffin_offset_x_dim=\dimen134
\l__coffin_offset_y_dim=\dimen135
\l__coffin_x_dim=\dimen136
\l__coffin_y_dim=\dimen137
\l__coffin_x_prime_dim=\dimen138
\l__coffin_y_prime_dim=\dimen139
\c_empty_coffin=\box37
\l__coffin_aligned_coffin=\box38
\l__coffin_aligned_internal_coffin=\box39
\l_tmpa_coffin=\box40
\l_tmpb_coffin=\box41
\l__coffin_display_coffin=\box42
\l__coffin_display_coord_coffin=\box43
\l__coffin_display_pole_coffin=\box44
\l__coffin_display_offset_dim=\dimen140
\l__coffin_display_x_dim=\dimen141
\l__coffin_display_y_dim=\dimen142
\l__coffin_bounding_shift_dim=\dimen143
\l__coffin_left_corner_dim=\dimen144
\l__coffin_right_corner_dim=\dimen145
\l__coffin_bottom_corner_dim=\dimen146
\l__coffin_top_corner_dim=\dimen147
\l__coffin_scaled_total_height_dim=\dimen148
\l__coffin_scaled_width_dim=\dimen149
) (/usr/share/texlive/texmf-dist/tex/latex/l3kernel/l3pdfmode.def
File: l3pdfmode.def 2017/03/18 v L3 Experimental driver: PDF mode
\l__driver_color_stack_int=\count195
\l__driver_tmp_box=\box45
)) (/usr/share/texlive/texmf-dist/tex/latex/l3packages/l3keys2e/l3keys2e.sty
Package: l3keys2e 2018/02/21 LaTeX2e option processing using LaTeX3 keys
)
Package: pdfbase 2018/02/28 v0.21 driver independent access to low-level PDF features
\g_pbs_page_int=\count196
\g_pbs_oc_int=\count197
 (/usr/share/texlive/texmf-dist/tex/generic/oberdiek/atbegshi.sty
Package: atbegshi 2016/06/09 v1.18 At begin shipout hook (HO)
 (/usr/share/texlive/texmf-dist/tex/generic/oberdiek/infwarerr.sty
Package: infwarerr 2016/05/16 v1.4 Providing info/warning/error messages (HO)
) (/usr/share/texlive/texmf-dist/tex/generic/oberdiek/ltxcmds.sty
Package: ltxcmds 2016/05/16 v1.23 LaTeX kernel commands for general use (HO)
))) (/usr/share/texlive/texmf-dist/tex/latex/ocgx2/ocgbase.sty
Package: ocgbase 2017/09/29 v0.12 support package for ocgx2.sty
\g_ocgbase_nd_int=\count198
)
\@anim@box=\box46
\@anim@measbox=\box47
\@anim@tmpdima=\dimen150
\@anim@tmpdimb=\dimen151
\@anim@num=\count199
\@anim@curframe=\count266
\@anim@curframe@zb=\count267
\@anim@resizeflags=\count268
\@anim@skipfram=\count269
\@anim@mulframecnt=\count270
\@anim@@tmlnfile=\read1
\@anim@tmpcnt=\count271
\c@@anim@ltxcnt=\count272
\@anim@curlayer=\count273
\@anim@lineno=\count274
\@anim@curfield=\count275
\@anim@@resizeflags=\count276
) (/usr/share/texlive/texmf-dist/tex/latex/spverbatim/spverbatim.sty
Package: spverbatim 2009/08/10 v1.0 Verbatim with breakable spaces
) (/usr/share/texlive/texmf-dist/tex/latex/caption/subcaption.sty
Package: subcaption 2016/05/22 v1.1-161 Sub-captions (AR)
 (/usr/share/texlive/texmf-dist/tex/latex/caption/caption.sty
Package: caption 2016/02/21 v3.3-144 Customizing captions (AR)
 (/usr/share/texlive/texmf-dist/tex/latex/caption/caption3.sty
Package: caption3 2016/05/22 v1.7-166 caption3 kernel (AR)
Package caption3 Info: TeX engine: e-TeX on input line 67.
\captionmargin=\dimen152
\captionmargin@=\dimen153
\captionwidth=\dimen154
\caption@tempdima=\dimen155
\caption@indent=\dimen156
\caption@parindent=\dimen157
\caption@hangindent=\dimen158
)
\c@ContinuedFloat=\count277
Package caption Info: float package is loaded.
)
\c@subfigure=\count278
\c@subtable=\count279
) (/usr/share/texlive/texmf-dist/tex/latex/hyperref/hyperref.sty
Package: hyperref 2018/02/06 v6.86b Hypertext links for LaTeX
 (/usr/share/texlive/texmf-dist/tex/generic/oberdiek/hobsub-hyperref.sty
Package: hobsub-hyperref 2016/05/16 v1.14 Bundle oberdiek, subset hyperref (HO)
 (/usr/share/texlive/texmf-dist/tex/generic/oberdiek/hobsub-generic.sty
Package: hobsub-generic 2016/05/16 v1.14 Bundle oberdiek, subset generic (HO)
Package: hobsub 2016/05/16 v1.14 Construct package bundles (HO)
Package hobsub Info: Skipping package `infwarerr' (already loaded).
Package hobsub Info: Skipping package `ltxcmds' (already loaded).
Package hobsub Info: Skipping package `ifluatex' (already loaded).
Package: ifvtex 2016/05/16 v1.6 Detect VTeX and its facilities (HO)
Package ifvtex Info: VTeX not detected.
Package: intcalc 2016/05/16 v1.2 Expandable calculations with integers (HO)
Package hobsub Info: Skipping package `ifpdf' (already loaded).
Package: etexcmds 2016/05/16 v1.6 Avoid name clashes with e-TeX commands (HO)
Package etexcmds Info: Could not find \expanded.
(etexcmds)             That can mean that you are not using pdfTeX 1.50 or
(etexcmds)             that some package has redefined \expanded.
(etexcmds)             In the latter case, load this package earlier.
Package: kvsetkeys 2016/05/16 v1.17 Key value parser (HO)
Package: kvdefinekeys 2016/05/16 v1.4 Define keys (HO)
Package: pdftexcmds 2018/01/21 v0.26 Utility functions of pdfTeX for LuaTeX (HO)
Package pdftexcmds Info: LuaTeX not detected.
Package pdftexcmds Info: \pdf@primitive is available.
Package pdftexcmds Info: \pdf@ifprimitive is available.
Package pdftexcmds Info: \pdfdraftmode found.
Package: pdfescape 2016/05/16 v1.14 Implements pdfTeX's escape features (HO)
Package: bigintcalc 2016/05/16 v1.4 Expandable calculations on big integers (HO)
Package: bitset 2016/05/16 v1.2 Handle bit-vector datatype (HO)
Package: uniquecounter 2016/05/16 v1.3 Provide unlimited unique counter (HO)
)
Package hobsub Info: Skipping package `hobsub' (already loaded).
Package: letltxmacro 2016/05/16 v1.5 Let assignment for LaTeX macros (HO)
Package: hopatch 2016/05/16 v1.3 Wrapper for package hooks (HO)
Package: xcolor-patch 2016/05/16 xcolor patch
Package: atveryend 2016/05/16 v1.9 Hooks at the very end of document (HO)
Package atveryend Info: \enddocument detected (standard20110627).
Package hobsub Info: Skipping package `atbegshi' (already loaded).
Package: refcount 2016/05/16 v3.5 Data extraction from label references (HO)
Package: hycolor 2016/05/16 v1.8 Color options for hyperref/bookmark (HO)
) (/usr/share/texlive/texmf-dist/tex/latex/oberdiek/auxhook.sty
Package: auxhook 2016/05/16 v1.4 Hooks for auxiliary files (HO)
) (/usr/share/texlive/texmf-dist/tex/latex/oberdiek/kvoptions.sty
Package: kvoptions 2016/05/16 v3.12 Key value format for package options (HO)
)
\@linkdim=\dimen159
\Hy@linkcounter=\count280
\Hy@pagecounter=\count281
 (/usr/share/texlive/texmf-dist/tex/latex/hyperref/pd1enc.def
File: pd1enc.def 2018/02/06 v6.86b Hyperref: PDFDocEncoding definition (HO)
Now handling font encoding PD1 ...
... no UTF-8 mapping file for font encoding PD1
)
\Hy@SavedSpaceFactor=\count282
 (/usr/share/texlive/texmf-dist/tex/latex/latexconfig/hyperref.cfg
File: hyperref.cfg 2002/06/06 v1.2 hyperref configuration of TeXLive
)
Package hyperref Info: Hyper figures OFF on input line 4509.
Package hyperref Info: Link nesting OFF on input line 4514.
Package hyperref Info: Hyper index ON on input line 4517.
Package hyperref Info: Plain pages OFF on input line 4524.
Package hyperref Info: Backreferencing OFF on input line 4529.
Package hyperref Info: Implicit mode ON; LaTeX internals redefined.
Package hyperref Info: Bookmarks ON on input line 4762.
\c@Hy@tempcnt=\count283
 (/usr/share/texlive/texmf-dist/tex/latex/url/url.sty
\Urlmuskip=\muskip17
Package: url 2013/09/16  ver 3.4  Verb mode for urls, etc.
)
LaTeX Info: Redefining \url on input line 5115.
\XeTeXLinkMargin=\dimen160
\Fld@menulength=\count284
\Field@Width=\dimen161
\Fld@charsize=\dimen162
Package hyperref Info: Hyper figures OFF on input line 6369.
Package hyperref Info: Link nesting OFF on input line 6374.
Package hyperref Info: Hyper index ON on input line 6377.
Package hyperref Info: backreferencing OFF on input line 6384.
Package hyperref Info: Link coloring OFF on input line 6389.
Package hyperref Info: Link coloring with OCG OFF on input line 6394.
Package hyperref Info: PDF/A mode OFF on input line 6399.
LaTeX Info: Redefining \ref on input line 6439.
LaTeX Info: Redefining \pageref on input line 6443.
\Hy@abspage=\count285
\c@Item=\count286
\c@Hfootnote=\count287
)
Package hyperref Info: Driver (autodetected): hpdftex.
 (/usr/share/texlive/texmf-dist/tex/latex/hyperref/hpdftex.def
File: hpdftex.def 2018/02/06 v6.86b Hyperref driver for pdfTeX
\Fld@listcount=\count288
\c@bookmark@seq@number=\count289
 (/usr/share/texlive/texmf-dist/tex/latex/oberdiek/rerunfilecheck.sty
Package: rerunfilecheck 2016/05/16 v1.8 Rerun checks for auxiliary files (HO)
Package uniquecounter Info: New unique counter `rerunfilecheck' on input line 282.
)
\Hy@SectionHShift=\skip70
) (/usr/share/texlive/texmf-dist/tex/latex/fancyvrb/fancyvrb.sty
Package: fancyvrb 2008/02/07
 Style option: `fancyvrb' v2.7a, with DG/SPQR fixes, and firstline=lastline fix <2008/02/07> (tvz)
\FV@CodeLineNo=\count290
\FV@InFile=\read2
\FV@TabBox=\box48
\c@FancyVerbLine=\count291
\FV@StepNumber=\count292
\FV@OutFile=\write3
)
Package hyperref Info: Option `colorlinks' set `true' on input line 20.
 (/home/tanh/TanhLearn/ThucHanhTinhToan/BaiTapLon/ConvexHull/BTL_ConvexHull.aux)
\openout1 = `BTL_ConvexHull.aux'.

LaTeX Font Info:    Checking defaults for OML/cmm/m/it on input line 34.
LaTeX Font Info:    ... okay on input line 34.
LaTeX Font Info:    Checking defaults for T1/cmr/m/n on input line 34.
LaTeX Font Info:    ... okay on input line 34.
LaTeX Font Info:    Checking defaults for OT1/cmr/m/n on input line 34.
LaTeX Font Info:    ... okay on input line 34.
LaTeX Font Info:    Checking defaults for OMS/cmsy/m/n on input line 34.
LaTeX Font Info:    ... okay on input line 34.
LaTeX Font Info:    Checking defaults for OMX/cmex/m/n on input line 34.
LaTeX Font Info:    ... okay on input line 34.
LaTeX Font Info:    Checking defaults for U/cmr/m/n on input line 34.
LaTeX Font Info:    ... okay on input line 34.
LaTeX Font Info:    Checking defaults for T5/cmr/m/n on input line 34.
LaTeX Font Info:    ... okay on input line 34.
LaTeX Font Info:    Checking defaults for PD1/pdf/m/n on input line 34.
LaTeX Font Info:    ... okay on input line 34.
 (/usr/share/texlive/texmf-dist/tex/context/base/mkii/supp-pdf.mkii
[Loading MPS to PDF converter (version 2006.09.02).]
\scratchcounter=\count293
\scratchdimen=\dimen163
\scratchbox=\box49
\nofMPsegments=\count294
\nofMParguments=\count295
\everyMPshowfont=\toks34
\MPscratchCnt=\count296
\MPscratchDim=\dimen164
\MPnumerator=\count297
\makeMPintoPDFobject=\count298
\everyMPtoPDFconversion=\toks35
) (/usr/share/texlive/texmf-dist/tex/latex/oberdiek/epstopdf-base.sty
Package: epstopdf-base 2016/05/15 v2.6 Base part for package epstopdf
 (/usr/share/texlive/texmf-dist/tex/latex/oberdiek/grfext.sty
Package: grfext 2016/05/16 v1.2 Manage graphics extensions (HO)
)
Package epstopdf-base Info: Redefining graphics rule for `.eps' on input line 438.
Package grfext Info: Graphics extension search list:
(grfext)             [.pdf,.png,.jpg,.mps,.jpeg,.jbig2,.jb2,.PDF,.PNG,.JPG,.JPEG,.JBIG2,.JB2,.eps]
(grfext)             \AppendGraphicsExtensions on input line 456.
 (/usr/share/texlive/texmf-dist/tex/latex/latexconfig/epstopdf-sys.cfg
File: epstopdf-sys.cfg 2010/07/13 v1.3 Configuration of (r)epstopdf for TeX Live
))
\AtBeginShipoutBox=\box50
Package caption Info: Begin \AtBeginDocument code.
Package caption Info: hyperref package is loaded.
Package caption Info: End \AtBeginDocument code.
Package hyperref Info: Link coloring ON on input line 34.
 (/usr/share/texlive/texmf-dist/tex/latex/hyperref/nameref.sty
Package: nameref 2016/05/21 v2.44 Cross-referencing by name of section
 (/usr/share/texlive/texmf-dist/tex/generic/oberdiek/gettitlestring.sty
Package: gettitlestring 2016/05/16 v1.5 Cleanup title references (HO)
)
\c@section@level=\count299
)
LaTeX Info: Redefining \ref on input line 34.
LaTeX Info: Redefining \pageref on input line 34.
LaTeX Info: Redefining \nameref on input line 34.
 (/home/tanh/TanhLearn/ThucHanhTinhToan/BaiTapLon/ConvexHull/BTL_ConvexHull.out) (/home/tanh/TanhLearn/ThucHanhTinhToan/BaiTapLon/ConvexHull/BTL_ConvexHull.out)
\@outlinefile=\write4
\openout4 = `BTL_ConvexHull.out'.

 (/home/tanh/TanhLearn/ThucHanhTinhToan/BaiTapLon/ConvexHull/Cover.tex
<Image/LogoTLU.jpg, id=112, 481.8pt x 481.8pt>
File: Image/LogoTLU.jpg Graphic file (type jpg)
<use Image/LogoTLU.jpg>
Package pdftex.def Info: Image/LogoTLU.jpg  used on input line 9.
(pdftex.def)             Requested size: 192.71658pt x 192.71658pt.
LaTeX Font Info:    Try loading font information for U+msa on input line 27.
 (/usr/share/texlive/texmf-dist/tex/latex/amsfonts/umsa.fd
File: umsa.fd 2013/01/14 v3.01 AMS symbols A
)
LaTeX Font Info:    Try loading font information for U+msb on input line 27.
 (/usr/share/texlive/texmf-dist/tex/latex/amsfonts/umsb.fd
File: umsb.fd 2013/01/14 v3.01 AMS symbols B
)
LaTeX Font Info:    Try loading font information for U+lasy on input line 27.
 (/usr/share/texlive/texmf-dist/tex/latex/base/ulasy.fd
File: ulasy.fd 1998/08/17 v2.2e LaTeX symbol font definitions
)
Overfull \hbox (46.35164pt too wide) in paragraph at lines 27--27
[][] 
 []

[1

{/var/lib/texmf/fonts/map/pdftex/updmap/pdftex.map} </home/tanh/TanhLearn/ThucHanhTinhToan/BaiTapLon/ConvexHull/Image/LogoTLU.jpg>])pdfTeX warning (ext4): destination with the same identifier (name{page.1}) has been already used, duplicate ignored
<to be read again> 
                   \relax 
l.36   \newpage
                [1]

Package Fancyhdr Warning: \headheight is too small (12.0pt): 
 Make it at least 14.93912pt.
 We now make it that large for the rest of the document.
 This may cause the page layout to be inconsistent, however.

[2] (/home/tanh/TanhLearn/ThucHanhTinhToan/BaiTapLon/ConvexHull/BTL_ConvexHull.toc)
\tf@toc=\write5
\openout5 = `BTL_ConvexHull.toc'.



Package Fancyhdr Warning: \headheight is too small (12.0pt): 
 Make it at least 14.49998pt.
 We now make it that large for the rest of the document.
 This may cause the page layout to be inconsistent, however.

[3]

Package hyperref Warning: Composite letter `\textasciigrave+\ocircumflex'
(hyperref)                not defined in PD1 encoding,
(hyperref)                removing `\textasciigrave' on input line 58.


Package hyperref Warning: Glyph not defined in PD1 encoding,
(hyperref)                removing `\ocircumflex' on input line 58.


Package hyperref Warning: Composite letter `\textdotbelow+\acircumflex'
(hyperref)                not defined in PD1 encoding,
(hyperref)                removing `\textdotbelow' on input line 58.


Package hyperref Warning: Glyph not defined in PD1 encoding,
(hyperref)                removing `\acircumflex' on input line 58.


Package hyperref Warning: Composite letter `\textacute+\ohorn'
(hyperref)                not defined in PD1 encoding,
(hyperref)                removing `\textacute' on input line 59.


Package hyperref Warning: Glyph not defined in PD1 encoding,
(hyperref)                removing `\ohorn' on input line 59.


Package hyperref Warning: Composite letter `\textdotbelow+\ecircumflex'
(hyperref)                not defined in PD1 encoding,
(hyperref)                removing `\textdotbelow' on input line 59.


Package hyperref Warning: Glyph not defined in PD1 encoding,
(hyperref)                removing `\ecircumflex' on input line 59.


Package hyperref Warning: Composite letter `\textasciigrave+\ocircumflex'
(hyperref)                not defined in PD1 encoding,
(hyperref)                removing `\textasciigrave' on input line 59.


Package hyperref Warning: Glyph not defined in PD1 encoding,
(hyperref)                removing `\ocircumflex' on input line 59.


Package hyperref Warning: Composite letter `\textdotbelow+i'
(hyperref)                not defined in PD1 encoding,
(hyperref)                removing `\textdotbelow' on input line 60.


Package hyperref Warning: Composite letter `\texttilde+\i'
(hyperref)                not defined in PD1 encoding,
(hyperref)                removing `\texttilde' on input line 60.

<Image/ConvexHull.png, id=162, 258.9675pt x 206.7725pt>
File: Image/ConvexHull.png Graphic file (type png)
<use Image/ConvexHull.png>
Package pdftex.def Info: Image/ConvexHull.png  used on input line 66.
(pdftex.def)             Requested size: 139.42093pt x 111.32419pt.
<Image/ch_nail.png, id=163, 209.78375pt x 142.5325pt>
File: Image/ch_nail.png Graphic file (type png)
<use Image/ch_nail.png>
Package pdftex.def Info: Image/ch_nail.png  used on input line 71.
(pdftex.def)             Requested size: 139.42093pt x 94.72636pt.

Package hyperref Warning: Glyph not defined in PD1 encoding,
(hyperref)                removing `\h' on input line 77.


Package hyperref Warning: Composite letter `\textdotbelow+\uhorn'
(hyperref)                not defined in PD1 encoding,
(hyperref)                removing `\textdotbelow' on input line 77.


Package hyperref Warning: Glyph not defined in PD1 encoding,
(hyperref)                removing `\uhorn' on input line 77.


Package hyperref Warning: Composite letter `\textasciigrave+\ecircumflex'
(hyperref)                not defined in PD1 encoding,
(hyperref)                removing `\textasciigrave' on input line 77.


Package hyperref Warning: Glyph not defined in PD1 encoding,
(hyperref)                removing `\ecircumflex' on input line 77.


Package hyperref Warning: Composite letter `\textasciigrave+\ocircumflex'
(hyperref)                not defined in PD1 encoding,
(hyperref)                removing `\textasciigrave' on input line 77.


Package hyperref Warning: Glyph not defined in PD1 encoding,
(hyperref)                removing `\ocircumflex' on input line 77.


Package hyperref Warning: Composite letter `\textdotbelow+\abreve'
(hyperref)                not defined in PD1 encoding,
(hyperref)                removing `\textdotbelow' on input line 77.


Package hyperref Warning: Glyph not defined in PD1 encoding,
(hyperref)                removing `\abreve' on input line 77.


Package hyperref Warning: Glyph not defined in PD1 encoding,
(hyperref)                removing `\h' on input line 77.


Package hyperref Warning: Glyph not defined in PD1 encoding,
(hyperref)                removing `\abreve' on input line 77.

LaTeX Font Info:    Try loading font information for OMS+cmr on input line 80.
(/usr/share/texlive/texmf-dist/tex/latex/base/omscmr.fd
File: omscmr.fd 2014/09/29 v2.5h Standard LaTeX font definitions
)
LaTeX Font Info:    Font shape `OMS/cmr/m/n' in size <12> not available
(Font)              Font shape `OMS/cmsy/m/n' tried instead on input line 80.


Package hyperref Warning: Composite letter `\textdotbelow+\acircumflex'
(hyperref)                not defined in PD1 encoding,
(hyperref)                removing `\textdotbelow' on input line 84.


Package hyperref Warning: Glyph not defined in PD1 encoding,
(hyperref)                removing `\acircumflex' on input line 84.


Package hyperref Warning: Composite letter `\textasciigrave+\ocircumflex'
(hyperref)                not defined in PD1 encoding,
(hyperref)                removing `\textasciigrave' on input line 84.


Package hyperref Warning: Glyph not defined in PD1 encoding,
(hyperref)                removing `\ocircumflex' on input line 84.


Package Fancyhdr Warning: \headheight is too small (12.0pt): 
 Make it at least 14.49998pt.
 We now make it that large for the rest of the document.
 This may cause the page layout to be inconsistent, however.

[4 </home/tanh/TanhLearn/ThucHanhTinhToan/BaiTapLon/ConvexHull/Image/ConvexHull.png> </home/tanh/TanhLearn/ThucHanhTinhToan/BaiTapLon/ConvexHull/Image/ch_nail.png>]

Package hyperref Warning: Composite letter `\textacute+\ohorn'
(hyperref)                not defined in PD1 encoding,
(hyperref)                removing `\textacute' on input line 86.


Package hyperref Warning: Glyph not defined in PD1 encoding,
(hyperref)                removing `\ohorn' on input line 86.


Package hyperref Warning: Composite letter `\textdotbelow+\ecircumflex'
(hyperref)                not defined in PD1 encoding,
(hyperref)                removing `\textdotbelow' on input line 86.


Package hyperref Warning: Glyph not defined in PD1 encoding,
(hyperref)                removing `\ecircumflex' on input line 86.

<Image/cw.png, id=174, 510.90875pt x 471.7625pt>
File: Image/cw.png Graphic file (type png)
<use Image/cw.png>
Package pdftex.def Info: Image/cw.png  used on input line 92.
(pdftex.def)             Requested size: 159.333pt x 147.12308pt.
<Image/upperandlower.png, id=175, 195.73125pt x 155.83218pt>
File: Image/upperandlower.png Graphic file (type png)
<use Image/upperandlower.png>
Package pdftex.def Info: Image/upperandlower.png  used on input line 97.
(pdftex.def)             Requested size: 159.333pt x 126.86063pt.

Package Fancyhdr Warning: \headheight is too small (12.0pt): 
 Make it at least 14.93912pt.
 We now make it that large for the rest of the document.
 This may cause the page layout to be inconsistent, however.

[5 </home/tanh/TanhLearn/ThucHanhTinhToan/BaiTapLon/ConvexHull/Image/cw.png (PNG copy)> </home/tanh/TanhLearn/ThucHanhTinhToan/BaiTapLon/ConvexHull/Image/upperandlower.png>]

Package hyperref Warning: Composite letter `\textdotbelow+\acircumflex'
(hyperref)                not defined in PD1 encoding,
(hyperref)                removing `\textdotbelow' on input line 110.


Package hyperref Warning: Glyph not defined in PD1 encoding,
(hyperref)                removing `\acircumflex' on input line 110.


Package Fancyhdr Warning: \headheight is too small (12.0pt): 
 Make it at least 14.93912pt.
 We now make it that large for the rest of the document.
 This may cause the page layout to be inconsistent, however.

[6]

Package hyperref Warning: Glyph not defined in PD1 encoding,
(hyperref)                removing `\h' on input line 126.

Package hyperref Info: bookmark level for unknown algorithm defaults to 0 on input line 129.

Package Fancyhdr Warning: \headheight is too small (12.0pt): 
 Make it at least 14.93912pt.
 We now make it that large for the rest of the document.
 This may cause the page layout to be inconsistent, however.

[7]

Package hyperref Warning: Glyph not defined in PD1 encoding,
(hyperref)                removing `\h' on input line 175.


Package hyperref Warning: Glyph not defined in PD1 encoding,
(hyperref)                removing `\ecircumflex' on input line 175.


Package hyperref Warning: Composite letter `\texttilde+\ecircumflex'
(hyperref)                not defined in PD1 encoding,
(hyperref)                removing `\texttilde' on input line 175.


Package hyperref Warning: Glyph not defined in PD1 encoding,
(hyperref)                removing `\ecircumflex' on input line 175.


Package hyperref Warning: Composite letter `\textacute+\ohorn'
(hyperref)                not defined in PD1 encoding,
(hyperref)                removing `\textacute' on input line 175.


Package hyperref Warning: Glyph not defined in PD1 encoding,
(hyperref)                removing `\ohorn' on input line 175.


Package hyperref Warning: Composite letter `\textasciigrave+\ocircumflex'
(hyperref)                not defined in PD1 encoding,
(hyperref)                removing `\textasciigrave' on input line 176.


Package hyperref Warning: Glyph not defined in PD1 encoding,
(hyperref)                removing `\ocircumflex' on input line 176.


Package hyperref Warning: Composite letter `\textdotbelow+\acircumflex'
(hyperref)                not defined in PD1 encoding,
(hyperref)                removing `\textdotbelow' on input line 178.


Package hyperref Warning: Glyph not defined in PD1 encoding,
(hyperref)                removing `\acircumflex' on input line 178.


Package hyperref Warning: Composite letter `\textasciigrave+\ocircumflex'
(hyperref)                not defined in PD1 encoding,
(hyperref)                removing `\textasciigrave' on input line 178.


Package hyperref Warning: Glyph not defined in PD1 encoding,
(hyperref)                removing `\ocircumflex' on input line 178.

LaTeX Font Info:    Try loading font information for T5+cmtt on input line 190.
(/usr/share/texlive/texmf-dist/tex/latex/vntex/t5cmtt.fd
File: t5cmtt.fd 1999/05/25 v2.5h Standard LaTeX font definitions
)

Package Fancyhdr Warning: \headheight is too small (12.0pt): 
 Make it at least 14.49998pt.
 We now make it that large for the rest of the document.
 This may cause the page layout to be inconsistent, however.

[8]

Package Fancyhdr Warning: \headheight is too small (12.0pt): 
 Make it at least 14.93912pt.
 We now make it that large for the rest of the document.
 This may cause the page layout to be inconsistent, however.

[9]

Package hyperref Warning: Glyph not defined in PD1 encoding,
(hyperref)                removing `\h' on input line 241.


Package hyperref Warning: Glyph not defined in PD1 encoding,
(hyperref)                removing `\ohorn' on input line 241.


Package hyperref Warning: Composite letter `\textdotbelow+a'
(hyperref)                not defined in PD1 encoding,
(hyperref)                removing `\textdotbelow' on input line 241.


Package hyperref Warning: Composite letter `\texttilde+\uhorn'
(hyperref)                not defined in PD1 encoding,
(hyperref)                removing `\texttilde' on input line 241.


Package hyperref Warning: Glyph not defined in PD1 encoding,
(hyperref)                removing `\uhorn' on input line 241.


Package hyperref Warning: Composite letter `\textdotbelow+\ecircumflex'
(hyperref)                not defined in PD1 encoding,
(hyperref)                removing `\textdotbelow' on input line 241.


Package hyperref Warning: Glyph not defined in PD1 encoding,
(hyperref)                removing `\ecircumflex' on input line 241.


Package hyperref Warning: Composite letter `\textdotbelow+\uhorn'
(hyperref)                not defined in PD1 encoding,
(hyperref)                removing `\textdotbelow' on input line 241.


Package hyperref Warning: Glyph not defined in PD1 encoding,
(hyperref)                removing `\uhorn' on input line 241.


Package hyperref Warning: Composite letter `\textdotbelow+\ecircumflex'
(hyperref)                not defined in PD1 encoding,
(hyperref)                removing `\textdotbelow' on input line 241.


Package hyperref Warning: Glyph not defined in PD1 encoding,
(hyperref)                removing `\ecircumflex' on input line 241.


Package Fancyhdr Warning: \headheight is too small (12.0pt): 
 Make it at least 14.93912pt.
 We now make it that large for the rest of the document.
 This may cause the page layout to be inconsistent, however.

[10]

Package hyperref Warning: Glyph not defined in PD1 encoding,
(hyperref)                removing `\h' on input line 273.


Package hyperref Warning: Glyph not defined in PD1 encoding,
(hyperref)                removing `\ecircumflex' on input line 273.


Package hyperref Warning: Composite letter `\texttilde+\ecircumflex'
(hyperref)                not defined in PD1 encoding,
(hyperref)                removing `\texttilde' on input line 273.


Package hyperref Warning: Glyph not defined in PD1 encoding,
(hyperref)                removing `\ecircumflex' on input line 273.


Package hyperref Warning: Composite letter `\textdotbelow+\acircumflex'
(hyperref)                not defined in PD1 encoding,
(hyperref)                removing `\textdotbelow' on input line 273.


Package hyperref Warning: Glyph not defined in PD1 encoding,
(hyperref)                removing `\acircumflex' on input line 273.


Package Fancyhdr Warning: \headheight is too small (12.0pt): 
 Make it at least 14.93912pt.
 We now make it that large for the rest of the document.
 This may cause the page layout to be inconsistent, however.

[11]

Package Fancyhdr Warning: \headheight is too small (12.0pt): 
 Make it at least 14.93912pt.
 We now make it that large for the rest of the document.
 This may cause the page layout to be inconsistent, however.

[12]

Package hyperref Warning: Composite letter `\textdotbelow+\uhorn'
(hyperref)                not defined in PD1 encoding,
(hyperref)                removing `\textdotbelow' on input line 369.


Package hyperref Warning: Glyph not defined in PD1 encoding,
(hyperref)                removing `\uhorn' on input line 369.


Package hyperref Warning: Composite letter `\textdotbelow+\ecircumflex'
(hyperref)                not defined in PD1 encoding,
(hyperref)                removing `\textdotbelow' on input line 369.


Package hyperref Warning: Glyph not defined in PD1 encoding,
(hyperref)                removing `\ecircumflex' on input line 369.

<Image/randPoint.png, id=224, 297.11pt x 297.11pt>
File: Image/randPoint.png Graphic file (type png)
<use Image/randPoint.png>
Package pdftex.def Info: Image/randPoint.png  used on input line 373.
(pdftex.def)             Requested size: 159.333pt x 159.33989pt.
<Image/polych.png, id=225, 336.25626pt x 336.25626pt>
File: Image/polych.png Graphic file (type png)
<use Image/polych.png>
Package pdftex.def Info: Image/polych.png  used on input line 378.
(pdftex.def)             Requested size: 159.333pt x 159.33344pt.

Package Fancyhdr Warning: \headheight is too small (12.0pt): 
 Make it at least 14.93912pt.
 We now make it that large for the rest of the document.
 This may cause the page layout to be inconsistent, however.

[13 </home/tanh/TanhLearn/ThucHanhTinhToan/BaiTapLon/ConvexHull/Image/randPoint.png (PNG copy)> </home/tanh/TanhLearn/ThucHanhTinhToan/BaiTapLon/ConvexHull/Image/polych.png (PNG copy)>]

Package Fancyhdr Warning: \headheight is too small (12.0pt): 
 Make it at least 14.93912pt.
 We now make it that large for the rest of the document.
 This may cause the page layout to be inconsistent, however.

[14]
<GIF/Up-0.png, id=245, 300.12125pt x 300.12125pt>
File: GIF/Up-0.png Graphic file (type png)
<use GIF/Up-0.png>
Package pdftex.def Info: GIF/Up-0.png  used on input line 430.
(pdftex.def)             Requested size: 300.12051pt x 300.12051pt.
 </home/tanh/TanhLearn/ThucHanhTinhToan/BaiTapLon/ConvexHull/GIF/Up-0.png> <a0,fr0>
<GIF/Up-1.png, id=254, 300.12125pt x 300.12125pt>
File: GIF/Up-1.png Graphic file (type png)
<use GIF/Up-1.png>
Package pdftex.def Info: GIF/Up-1.png  used on input line 430.
(pdftex.def)             Requested size: 300.12051pt x 300.12051pt.
 </home/tanh/TanhLearn/ThucHanhTinhToan/BaiTapLon/ConvexHull/GIF/Up-1.png> <a0,fr1>
<GIF/Up-2.png, id=263, 300.12125pt x 300.12125pt>
File: GIF/Up-2.png Graphic file (type png)
<use GIF/Up-2.png>
Package pdftex.def Info: GIF/Up-2.png  used on input line 430.
(pdftex.def)             Requested size: 300.12051pt x 300.12051pt.
 </home/tanh/TanhLearn/ThucHanhTinhToan/BaiTapLon/ConvexHull/GIF/Up-2.png> <a0,fr2>
<GIF/Up-3.png, id=272, 300.12125pt x 300.12125pt>
File: GIF/Up-3.png Graphic file (type png)
<use GIF/Up-3.png>
Package pdftex.def Info: GIF/Up-3.png  used on input line 430.
(pdftex.def)             Requested size: 300.12051pt x 300.12051pt.
 </home/tanh/TanhLearn/ThucHanhTinhToan/BaiTapLon/ConvexHull/GIF/Up-3.png> <a0,fr3>
<GIF/Up-4.png, id=281, 300.12125pt x 300.12125pt>
File: GIF/Up-4.png Graphic file (type png)
<use GIF/Up-4.png>
Package pdftex.def Info: GIF/Up-4.png  used on input line 430.
(pdftex.def)             Requested size: 300.12051pt x 300.12051pt.
 </home/tanh/TanhLearn/ThucHanhTinhToan/BaiTapLon/ConvexHull/GIF/Up-4.png> <a0,fr4>
<GIF/Up-5.png, id=290, 300.12125pt x 300.12125pt>
File: GIF/Up-5.png Graphic file (type png)
<use GIF/Up-5.png>
Package pdftex.def Info: GIF/Up-5.png  used on input line 430.
(pdftex.def)             Requested size: 300.12051pt x 300.12051pt.
 </home/tanh/TanhLearn/ThucHanhTinhToan/BaiTapLon/ConvexHull/GIF/Up-5.png> <a0,fr5>
<GIF/Up-6.png, id=299, 300.12125pt x 300.12125pt>
File: GIF/Up-6.png Graphic file (type png)
<use GIF/Up-6.png>
Package pdftex.def Info: GIF/Up-6.png  used on input line 430.
(pdftex.def)             Requested size: 300.12051pt x 300.12051pt.
 </home/tanh/TanhLearn/ThucHanhTinhToan/BaiTapLon/ConvexHull/GIF/Up-6.png> <a0,fr6>
<GIF/Up-7.png, id=308, 300.12125pt x 300.12125pt>
File: GIF/Up-7.png Graphic file (type png)
<use GIF/Up-7.png>
Package pdftex.def Info: GIF/Up-7.png  used on input line 430.
(pdftex.def)             Requested size: 300.12051pt x 300.12051pt.
 </home/tanh/TanhLearn/ThucHanhTinhToan/BaiTapLon/ConvexHull/GIF/Up-7.png> <a0,fr7>
<GIF/Up-8.png, id=317, 300.12125pt x 300.12125pt>
File: GIF/Up-8.png Graphic file (type png)
<use GIF/Up-8.png>
Package pdftex.def Info: GIF/Up-8.png  used on input line 430.
(pdftex.def)             Requested size: 300.12051pt x 300.12051pt.
 </home/tanh/TanhLearn/ThucHanhTinhToan/BaiTapLon/ConvexHull/GIF/Up-8.png> <a0,fr8>
<GIF/Up-9.png, id=326, 300.12125pt x 300.12125pt>
File: GIF/Up-9.png Graphic file (type png)
<use GIF/Up-9.png>
Package pdftex.def Info: GIF/Up-9.png  used on input line 430.
(pdftex.def)             Requested size: 300.12051pt x 300.12051pt.
 </home/tanh/TanhLearn/ThucHanhTinhToan/BaiTapLon/ConvexHull/GIF/Up-9.png> <a0,fr9>
<GIF/Up-10.png, id=335, 300.12125pt x 300.12125pt>
File: GIF/Up-10.png Graphic file (type png)
<use GIF/Up-10.png>
Package pdftex.def Info: GIF/Up-10.png  used on input line 430.
(pdftex.def)             Requested size: 300.12051pt x 300.12051pt.
 </home/tanh/TanhLearn/ThucHanhTinhToan/BaiTapLon/ConvexHull/GIF/Up-10.png> <a0,fr10>
<GIF/Up-11.png, id=345, 300.12125pt x 300.12125pt>
File: GIF/Up-11.png Graphic file (type png)
<use GIF/Up-11.png>
Package pdftex.def Info: GIF/Up-11.png  used on input line 430.
(pdftex.def)             Requested size: 300.12051pt x 300.12051pt.
 </home/tanh/TanhLearn/ThucHanhTinhToan/BaiTapLon/ConvexHull/GIF/Up-11.png> <a0,fr11>
<GIF/Up-12.png, id=354, 300.12125pt x 300.12125pt>
File: GIF/Up-12.png Graphic file (type png)
<use GIF/Up-12.png>
Package pdftex.def Info: GIF/Up-12.png  used on input line 430.
(pdftex.def)             Requested size: 300.12051pt x 300.12051pt.
 </home/tanh/TanhLearn/ThucHanhTinhToan/BaiTapLon/ConvexHull/GIF/Up-12.png> <a0,fr12>
<GIF/Up-13.png, id=363, 300.12125pt x 300.12125pt>
File: GIF/Up-13.png Graphic file (type png)
<use GIF/Up-13.png>
Package pdftex.def Info: GIF/Up-13.png  used on input line 430.
(pdftex.def)             Requested size: 300.12051pt x 300.12051pt.
 </home/tanh/TanhLearn/ThucHanhTinhToan/BaiTapLon/ConvexHull/GIF/Up-13.png> <a0,fr13>
<GIF/Up-14.png, id=372, 300.12125pt x 300.12125pt>
File: GIF/Up-14.png Graphic file (type png)
<use GIF/Up-14.png>
Package pdftex.def Info: GIF/Up-14.png  used on input line 430.
(pdftex.def)             Requested size: 300.12051pt x 300.12051pt.
 </home/tanh/TanhLearn/ThucHanhTinhToan/BaiTapLon/ConvexHull/GIF/Up-14.png> <a0,fr14>
<GIF/Up-15.png, id=381, 300.12125pt x 300.12125pt>
File: GIF/Up-15.png Graphic file (type png)
<use GIF/Up-15.png>
Package pdftex.def Info: GIF/Up-15.png  used on input line 430.
(pdftex.def)             Requested size: 300.12051pt x 300.12051pt.
 </home/tanh/TanhLearn/ThucHanhTinhToan/BaiTapLon/ConvexHull/GIF/Up-15.png> <a0,fr15>
<GIF/Up-16.png, id=390, 300.12125pt x 300.12125pt>
File: GIF/Up-16.png Graphic file (type png)
<use GIF/Up-16.png>
Package pdftex.def Info: GIF/Up-16.png  used on input line 430.
(pdftex.def)             Requested size: 300.12051pt x 300.12051pt.
 </home/tanh/TanhLearn/ThucHanhTinhToan/BaiTapLon/ConvexHull/GIF/Up-16.png> <a0,fr16>
<GIF/Up-17.png, id=399, 300.12125pt x 300.12125pt>
File: GIF/Up-17.png Graphic file (type png)
<use GIF/Up-17.png>
Package pdftex.def Info: GIF/Up-17.png  used on input line 430.
(pdftex.def)             Requested size: 300.12051pt x 300.12051pt.
 </home/tanh/TanhLearn/ThucHanhTinhToan/BaiTapLon/ConvexHull/GIF/Up-17.png> <a0,fr17>
<GIF/Up-18.png, id=408, 300.12125pt x 300.12125pt>
File: GIF/Up-18.png Graphic file (type png)
<use GIF/Up-18.png>
Package pdftex.def Info: GIF/Up-18.png  used on input line 430.
(pdftex.def)             Requested size: 300.12051pt x 300.12051pt.
 </home/tanh/TanhLearn/ThucHanhTinhToan/BaiTapLon/ConvexHull/GIF/Up-18.png> <a0,fr18>
<GIF/Up-19.png, id=417, 300.12125pt x 300.12125pt>
File: GIF/Up-19.png Graphic file (type png)
<use GIF/Up-19.png>
Package pdftex.def Info: GIF/Up-19.png  used on input line 430.
(pdftex.def)             Requested size: 300.12051pt x 300.12051pt.
 </home/tanh/TanhLearn/ThucHanhTinhToan/BaiTapLon/ConvexHull/GIF/Up-19.png> <a0,fr19>
<GIF/Up-20.png, id=426, 300.12125pt x 300.12125pt>
File: GIF/Up-20.png Graphic file (type png)
<use GIF/Up-20.png>
Package pdftex.def Info: GIF/Up-20.png  used on input line 430.
(pdftex.def)             Requested size: 300.12051pt x 300.12051pt.
 </home/tanh/TanhLearn/ThucHanhTinhToan/BaiTapLon/ConvexHull/GIF/Up-20.png> <a0,fr20>
<GIF/Up-21.png, id=435, 300.12125pt x 300.12125pt>
File: GIF/Up-21.png Graphic file (type png)
<use GIF/Up-21.png>
Package pdftex.def Info: GIF/Up-21.png  used on input line 430.
(pdftex.def)             Requested size: 300.12051pt x 300.12051pt.
 </home/tanh/TanhLearn/ThucHanhTinhToan/BaiTapLon/ConvexHull/GIF/Up-21.png> <a0,fr21>
<GIF/Up-22.png, id=444, 300.12125pt x 300.12125pt>
File: GIF/Up-22.png Graphic file (type png)
<use GIF/Up-22.png>
Package pdftex.def Info: GIF/Up-22.png  used on input line 430.
(pdftex.def)             Requested size: 300.12051pt x 300.12051pt.
 </home/tanh/TanhLearn/ThucHanhTinhToan/BaiTapLon/ConvexHull/GIF/Up-22.png> <a0,fr22>
<GIF/Up-23.png, id=453, 300.12125pt x 300.12125pt>
File: GIF/Up-23.png Graphic file (type png)
<use GIF/Up-23.png>
Package pdftex.def Info: GIF/Up-23.png  used on input line 430.
(pdftex.def)             Requested size: 300.12051pt x 300.12051pt.
 </home/tanh/TanhLearn/ThucHanhTinhToan/BaiTapLon/ConvexHull/GIF/Up-23.png> <a0,fr23>
<GIF/Up-24.png, id=462, 300.12125pt x 300.12125pt>
File: GIF/Up-24.png Graphic file (type png)
<use GIF/Up-24.png>
Package pdftex.def Info: GIF/Up-24.png  used on input line 430.
(pdftex.def)             Requested size: 300.12051pt x 300.12051pt.
 </home/tanh/TanhLearn/ThucHanhTinhToan/BaiTapLon/ConvexHull/GIF/Up-24.png> <a0,fr24>
<GIF/Up-25.png, id=471, 300.12125pt x 300.12125pt>
File: GIF/Up-25.png Graphic file (type png)
<use GIF/Up-25.png>
Package pdftex.def Info: GIF/Up-25.png  used on input line 430.
(pdftex.def)             Requested size: 300.12051pt x 300.12051pt.
 </home/tanh/TanhLearn/ThucHanhTinhToan/BaiTapLon/ConvexHull/GIF/Up-25.png> <a0,fr25>
<GIF/Up-26.png, id=480, 300.12125pt x 300.12125pt>
File: GIF/Up-26.png Graphic file (type png)
<use GIF/Up-26.png>
Package pdftex.def Info: GIF/Up-26.png  used on input line 430.
(pdftex.def)             Requested size: 300.12051pt x 300.12051pt.
 </home/tanh/TanhLearn/ThucHanhTinhToan/BaiTapLon/ConvexHull/GIF/Up-26.png> <a0,fr26>
<GIF/Up-27.png, id=489, 300.12125pt x 300.12125pt>
File: GIF/Up-27.png Graphic file (type png)
<use GIF/Up-27.png>
Package pdftex.def Info: GIF/Up-27.png  used on input line 430.
(pdftex.def)             Requested size: 300.12051pt x 300.12051pt.
 </home/tanh/TanhLearn/ThucHanhTinhToan/BaiTapLon/ConvexHull/GIF/Up-27.png> <a0,fr27>
<GIF/Low-0.png, id=502, 301.125pt x 301.125pt>
File: GIF/Low-0.png Graphic file (type png)
<use GIF/Low-0.png>
Package pdftex.def Info: GIF/Low-0.png  used on input line 431.
(pdftex.def)             Requested size: 301.12425pt x 301.12425pt.
 </home/tanh/TanhLearn/ThucHanhTinhToan/BaiTapLon/ConvexHull/GIF/Low-0.png> <a1,fr0>
<GIF/Low-1.png, id=511, 301.125pt x 301.125pt>
File: GIF/Low-1.png Graphic file (type png)
<use GIF/Low-1.png>
Package pdftex.def Info: GIF/Low-1.png  used on input line 431.
(pdftex.def)             Requested size: 301.12425pt x 301.12425pt.
 </home/tanh/TanhLearn/ThucHanhTinhToan/BaiTapLon/ConvexHull/GIF/Low-1.png> <a1,fr1>
<GIF/Low-2.png, id=520, 301.125pt x 301.125pt>
File: GIF/Low-2.png Graphic file (type png)
<use GIF/Low-2.png>
Package pdftex.def Info: GIF/Low-2.png  used on input line 431.
(pdftex.def)             Requested size: 301.12425pt x 301.12425pt.
 </home/tanh/TanhLearn/ThucHanhTinhToan/BaiTapLon/ConvexHull/GIF/Low-2.png> <a1,fr2>
<GIF/Low-3.png, id=529, 301.125pt x 301.125pt>
File: GIF/Low-3.png Graphic file (type png)
<use GIF/Low-3.png>
Package pdftex.def Info: GIF/Low-3.png  used on input line 431.
(pdftex.def)             Requested size: 301.12425pt x 301.12425pt.
 </home/tanh/TanhLearn/ThucHanhTinhToan/BaiTapLon/ConvexHull/GIF/Low-3.png> <a1,fr3>
<GIF/Low-4.png, id=538, 301.125pt x 301.125pt>
File: GIF/Low-4.png Graphic file (type png)
<use GIF/Low-4.png>
Package pdftex.def Info: GIF/Low-4.png  used on input line 431.
(pdftex.def)             Requested size: 301.12425pt x 301.12425pt.
 </home/tanh/TanhLearn/ThucHanhTinhToan/BaiTapLon/ConvexHull/GIF/Low-4.png> <a1,fr4>
<GIF/Low-5.png, id=547, 301.125pt x 301.125pt>
File: GIF/Low-5.png Graphic file (type png)
<use GIF/Low-5.png>
Package pdftex.def Info: GIF/Low-5.png  used on input line 431.
(pdftex.def)             Requested size: 301.12425pt x 301.12425pt.
 </home/tanh/TanhLearn/ThucHanhTinhToan/BaiTapLon/ConvexHull/GIF/Low-5.png> <a1,fr5>
<GIF/Low-6.png, id=556, 301.125pt x 301.125pt>
File: GIF/Low-6.png Graphic file (type png)
<use GIF/Low-6.png>
Package pdftex.def Info: GIF/Low-6.png  used on input line 431.
(pdftex.def)             Requested size: 301.12425pt x 301.12425pt.
 </home/tanh/TanhLearn/ThucHanhTinhToan/BaiTapLon/ConvexHull/GIF/Low-6.png> <a1,fr6>
<GIF/Low-7.png, id=565, 301.125pt x 301.125pt>
File: GIF/Low-7.png Graphic file (type png)
<use GIF/Low-7.png>
Package pdftex.def Info: GIF/Low-7.png  used on input line 431.
(pdftex.def)             Requested size: 301.12425pt x 301.12425pt.
 </home/tanh/TanhLearn/ThucHanhTinhToan/BaiTapLon/ConvexHull/GIF/Low-7.png> <a1,fr7>
<GIF/Low-8.png, id=574, 301.125pt x 301.125pt>
File: GIF/Low-8.png Graphic file (type png)
<use GIF/Low-8.png>
Package pdftex.def Info: GIF/Low-8.png  used on input line 431.
(pdftex.def)             Requested size: 301.12425pt x 301.12425pt.
 </home/tanh/TanhLearn/ThucHanhTinhToan/BaiTapLon/ConvexHull/GIF/Low-8.png> <a1,fr8>
<GIF/Low-9.png, id=583, 301.125pt x 301.125pt>
File: GIF/Low-9.png Graphic file (type png)
<use GIF/Low-9.png>
Package pdftex.def Info: GIF/Low-9.png  used on input line 431.
(pdftex.def)             Requested size: 301.12425pt x 301.12425pt.
 </home/tanh/TanhLearn/ThucHanhTinhToan/BaiTapLon/ConvexHull/GIF/Low-9.png> <a1,fr9>
<GIF/Low-10.png, id=592, 301.125pt x 301.125pt>
File: GIF/Low-10.png Graphic file (type png)
<use GIF/Low-10.png>
Package pdftex.def Info: GIF/Low-10.png  used on input line 431.
(pdftex.def)             Requested size: 301.12425pt x 301.12425pt.
 </home/tanh/TanhLearn/ThucHanhTinhToan/BaiTapLon/ConvexHull/GIF/Low-10.png> <a1,fr10>
<GIF/Low-11.png, id=601, 301.125pt x 301.125pt>
File: GIF/Low-11.png Graphic file (type png)
<use GIF/Low-11.png>
Package pdftex.def Info: GIF/Low-11.png  used on input line 431.
(pdftex.def)             Requested size: 301.12425pt x 301.12425pt.
 </home/tanh/TanhLearn/ThucHanhTinhToan/BaiTapLon/ConvexHull/GIF/Low-11.png> <a1,fr11>
<GIF/Low-12.png, id=610, 301.125pt x 301.125pt>
File: GIF/Low-12.png Graphic file (type png)
<use GIF/Low-12.png>
Package pdftex.def Info: GIF/Low-12.png  used on input line 431.
(pdftex.def)             Requested size: 301.12425pt x 301.12425pt.
 </home/tanh/TanhLearn/ThucHanhTinhToan/BaiTapLon/ConvexHull/GIF/Low-12.png> <a1,fr12>
<GIF/Low-13.png, id=619, 301.125pt x 301.125pt>
File: GIF/Low-13.png Graphic file (type png)
<use GIF/Low-13.png>
Package pdftex.def Info: GIF/Low-13.png  used on input line 431.
(pdftex.def)             Requested size: 301.12425pt x 301.12425pt.
 </home/tanh/TanhLearn/ThucHanhTinhToan/BaiTapLon/ConvexHull/GIF/Low-13.png> <a1,fr13>
<GIF/Low-14.png, id=628, 301.125pt x 301.125pt>
File: GIF/Low-14.png Graphic file (type png)
<use GIF/Low-14.png>
Package pdftex.def Info: GIF/Low-14.png  used on input line 431.
(pdftex.def)             Requested size: 301.12425pt x 301.12425pt.
 </home/tanh/TanhLearn/ThucHanhTinhToan/BaiTapLon/ConvexHull/GIF/Low-14.png> <a1,fr14>
<GIF/Low-15.png, id=637, 301.125pt x 301.125pt>
File: GIF/Low-15.png Graphic file (type png)
<use GIF/Low-15.png>
Package pdftex.def Info: GIF/Low-15.png  used on input line 431.
(pdftex.def)             Requested size: 301.12425pt x 301.12425pt.
 </home/tanh/TanhLearn/ThucHanhTinhToan/BaiTapLon/ConvexHull/GIF/Low-15.png> <a1,fr15>
<GIF/Low-16.png, id=646, 301.125pt x 301.125pt>
File: GIF/Low-16.png Graphic file (type png)
<use GIF/Low-16.png>
Package pdftex.def Info: GIF/Low-16.png  used on input line 431.
(pdftex.def)             Requested size: 301.12425pt x 301.12425pt.
 </home/tanh/TanhLearn/ThucHanhTinhToan/BaiTapLon/ConvexHull/GIF/Low-16.png> <a1,fr16>
<GIF/Low-17.png, id=656, 301.125pt x 301.125pt>
File: GIF/Low-17.png Graphic file (type png)
<use GIF/Low-17.png>
Package pdftex.def Info: GIF/Low-17.png  used on input line 431.
(pdftex.def)             Requested size: 301.12425pt x 301.12425pt.
 </home/tanh/TanhLearn/ThucHanhTinhToan/BaiTapLon/ConvexHull/GIF/Low-17.png> <a1,fr17>
<GIF/Low-18.png, id=665, 301.125pt x 301.125pt>
File: GIF/Low-18.png Graphic file (type png)
<use GIF/Low-18.png>
Package pdftex.def Info: GIF/Low-18.png  used on input line 431.
(pdftex.def)             Requested size: 301.12425pt x 301.12425pt.
 </home/tanh/TanhLearn/ThucHanhTinhToan/BaiTapLon/ConvexHull/GIF/Low-18.png> <a1,fr18>
<GIF/Low-19.png, id=674, 301.125pt x 301.125pt>
File: GIF/Low-19.png Graphic file (type png)
<use GIF/Low-19.png>
Package pdftex.def Info: GIF/Low-19.png  used on input line 431.
(pdftex.def)             Requested size: 301.12425pt x 301.12425pt.
 </home/tanh/TanhLearn/ThucHanhTinhToan/BaiTapLon/ConvexHull/GIF/Low-19.png> <a1,fr19>
<GIF/Low-20.png, id=683, 301.125pt x 301.125pt>
File: GIF/Low-20.png Graphic file (type png)
<use GIF/Low-20.png>
Package pdftex.def Info: GIF/Low-20.png  used on input line 431.
(pdftex.def)             Requested size: 301.12425pt x 301.12425pt.
 </home/tanh/TanhLearn/ThucHanhTinhToan/BaiTapLon/ConvexHull/GIF/Low-20.png> <a1,fr20>
<GIF/Low-21.png, id=692, 301.125pt x 301.125pt>
File: GIF/Low-21.png Graphic file (type png)
<use GIF/Low-21.png>
Package pdftex.def Info: GIF/Low-21.png  used on input line 431.
(pdftex.def)             Requested size: 301.12425pt x 301.12425pt.
 </home/tanh/TanhLearn/ThucHanhTinhToan/BaiTapLon/ConvexHull/GIF/Low-21.png> <a1,fr21>
<GIF/Low-22.png, id=701, 301.125pt x 301.125pt>
File: GIF/Low-22.png Graphic file (type png)
<use GIF/Low-22.png>
Package pdftex.def Info: GIF/Low-22.png  used on input line 431.
(pdftex.def)             Requested size: 301.12425pt x 301.12425pt.
 </home/tanh/TanhLearn/ThucHanhTinhToan/BaiTapLon/ConvexHull/GIF/Low-22.png> <a1,fr22>
<GIF/Low-23.png, id=710, 301.125pt x 301.125pt>
File: GIF/Low-23.png Graphic file (type png)
<use GIF/Low-23.png>
Package pdftex.def Info: GIF/Low-23.png  used on input line 431.
(pdftex.def)             Requested size: 301.12425pt x 301.12425pt.
 </home/tanh/TanhLearn/ThucHanhTinhToan/BaiTapLon/ConvexHull/GIF/Low-23.png> <a1,fr23>
<GIF/Low-24.png, id=719, 301.125pt x 301.125pt>
File: GIF/Low-24.png Graphic file (type png)
<use GIF/Low-24.png>
Package pdftex.def Info: GIF/Low-24.png  used on input line 431.
(pdftex.def)             Requested size: 301.12425pt x 301.12425pt.
 </home/tanh/TanhLearn/ThucHanhTinhToan/BaiTapLon/ConvexHull/GIF/Low-24.png> <a1,fr24>
<GIF/Low-25.png, id=728, 301.125pt x 301.125pt>
File: GIF/Low-25.png Graphic file (type png)
<use GIF/Low-25.png>
Package pdftex.def Info: GIF/Low-25.png  used on input line 431.
(pdftex.def)             Requested size: 301.12425pt x 301.12425pt.
 </home/tanh/TanhLearn/ThucHanhTinhToan/BaiTapLon/ConvexHull/GIF/Low-25.png> <a1,fr25>
<GIF/Low-26.png, id=737, 301.125pt x 301.125pt>
File: GIF/Low-26.png Graphic file (type png)
<use GIF/Low-26.png>
Package pdftex.def Info: GIF/Low-26.png  used on input line 431.
(pdftex.def)             Requested size: 301.12425pt x 301.12425pt.
 </home/tanh/TanhLearn/ThucHanhTinhToan/BaiTapLon/ConvexHull/GIF/Low-26.png> <a1,fr26>
<GIF/Low-27.png, id=746, 301.125pt x 301.125pt>
File: GIF/Low-27.png Graphic file (type png)
<use GIF/Low-27.png>
Package pdftex.def Info: GIF/Low-27.png  used on input line 431.
(pdftex.def)             Requested size: 301.12425pt x 301.12425pt.
 </home/tanh/TanhLearn/ThucHanhTinhToan/BaiTapLon/ConvexHull/GIF/Low-27.png> <a1,fr27>
<GIF/Low-28.png, id=755, 301.125pt x 301.125pt>
File: GIF/Low-28.png Graphic file (type png)
<use GIF/Low-28.png>
Package pdftex.def Info: GIF/Low-28.png  used on input line 431.
(pdftex.def)             Requested size: 301.12425pt x 301.12425pt.
 </home/tanh/TanhLearn/ThucHanhTinhToan/BaiTapLon/ConvexHull/GIF/Low-28.png> <a1,fr28>
<GIF/Low-29.png, id=764, 301.125pt x 301.125pt>
File: GIF/Low-29.png Graphic file (type png)
<use GIF/Low-29.png>
Package pdftex.def Info: GIF/Low-29.png  used on input line 431.
(pdftex.def)             Requested size: 301.12425pt x 301.12425pt.
 </home/tanh/TanhLearn/ThucHanhTinhToan/BaiTapLon/ConvexHull/GIF/Low-29.png> <a1,fr29>
<GIF/Low-30.png, id=773, 301.125pt x 301.125pt>
File: GIF/Low-30.png Graphic file (type png)
<use GIF/Low-30.png>
Package pdftex.def Info: GIF/Low-30.png  used on input line 431.
(pdftex.def)             Requested size: 301.12425pt x 301.12425pt.
 </home/tanh/TanhLearn/ThucHanhTinhToan/BaiTapLon/ConvexHull/GIF/Low-30.png> <a1,fr30>
Overfull \hbox (22.85736pt too wide) in paragraph at lines 428--433
[][] [][][][][][][][][][][][][][][][][][][][][][][][][][][][][] [][][][][][][][][][][][][][][][][][][][][][][][][][][][][][][][] 
 []


Package Fancyhdr Warning: \headheight is too small (12.0pt): 
 Make it at least 14.93912pt.
 We now make it that large for the rest of the document.
 This may cause the page layout to be inconsistent, however.

[15]
File: GIF/Up-2.png Graphic file (type png)
<use GIF/Up-2.png>
Package pdftex.def Info: GIF/Up-2.png  used on input line 442.
(pdftex.def)             Requested size: 109.54066pt x 109.54105pt.
File: GIF/Up-3.png Graphic file (type png)
<use GIF/Up-3.png>
Package pdftex.def Info: GIF/Up-3.png  used on input line 446.
(pdftex.def)             Requested size: 109.54066pt x 109.54105pt.
File: GIF/Up-4.png Graphic file (type png)
<use GIF/Up-4.png>
Package pdftex.def Info: GIF/Up-4.png  used on input line 450.
(pdftex.def)             Requested size: 109.54066pt x 109.54105pt.
File: GIF/Up-5.png Graphic file (type png)
<use GIF/Up-5.png>
Package pdftex.def Info: GIF/Up-5.png  used on input line 454.
(pdftex.def)             Requested size: 109.54066pt x 109.54105pt.
File: GIF/Up-6.png Graphic file (type png)
<use GIF/Up-6.png>
Package pdftex.def Info: GIF/Up-6.png  used on input line 458.
(pdftex.def)             Requested size: 109.54066pt x 109.54105pt.
File: GIF/Up-7.png Graphic file (type png)
<use GIF/Up-7.png>
Package pdftex.def Info: GIF/Up-7.png  used on input line 462.
(pdftex.def)             Requested size: 109.54066pt x 109.54105pt.
File: GIF/Up-8.png Graphic file (type png)
<use GIF/Up-8.png>
Package pdftex.def Info: GIF/Up-8.png  used on input line 466.
(pdftex.def)             Requested size: 109.54066pt x 109.54105pt.
File: GIF/Up-9.png Graphic file (type png)
<use GIF/Up-9.png>
Package pdftex.def Info: GIF/Up-9.png  used on input line 470.
(pdftex.def)             Requested size: 109.54066pt x 109.54105pt.
File: GIF/Up-10.png Graphic file (type png)
<use GIF/Up-10.png>
Package pdftex.def Info: GIF/Up-10.png  used on input line 474.
(pdftex.def)             Requested size: 109.54066pt x 109.54105pt.


Package Fancyhdr Warning: \headheight is too small (12.0pt): 
 Make it at least 14.93912pt.
 We now make it that large for the rest of the document.
 This may cause the page layout to be inconsistent, however.

[16]

Package hyperref Warning: Composite letter `\textdotbelow+\ecircumflex'
(hyperref)                not defined in PD1 encoding,
(hyperref)                removing `\textdotbelow' on input line 480.


Package hyperref Warning: Glyph not defined in PD1 encoding,
(hyperref)                removing `\ecircumflex' on input line 480.


Package hyperref Warning: Composite letter `\textasciigrave+\ocircumflex'
(hyperref)                not defined in PD1 encoding,
(hyperref)                removing `\textasciigrave' on input line 481.


Package hyperref Warning: Glyph not defined in PD1 encoding,
(hyperref)                removing `\ocircumflex' on input line 481.

<Image/codeMaple.png, id=801, 752.8125pt x 550.055pt>
File: Image/codeMaple.png Graphic file (type png)
<use Image/codeMaple.png>
Package pdftex.def Info: Image/codeMaple.png  used on input line 486.
(pdftex.def)             Requested size: 376.40532pt x 275.02682pt.

Package Fancyhdr Warning: \headheight is too small (12.0pt): 
 Make it at least 14.93912pt.
 We now make it that large for the rest of the document.
 This may cause the page layout to be inconsistent, however.

[17 </home/tanh/TanhLearn/ThucHanhTinhToan/BaiTapLon/ConvexHull/Image/codeMaple.png (PNG copy)>]

Package hyperref Warning: Composite letter `\textdotbelow+\ecircumflex'
(hyperref)                not defined in PD1 encoding,
(hyperref)                removing `\textdotbelow' on input line 489.


Package hyperref Warning: Glyph not defined in PD1 encoding,
(hyperref)                removing `\ecircumflex' on input line 489.


Package hyperref Warning: Composite letter `\textdotbelow+a'
(hyperref)                not defined in PD1 encoding,
(hyperref)                removing `\textdotbelow' on input line 491.


Package hyperref Warning: Glyph not defined in PD1 encoding,
(hyperref)                removing `\dj' on input line 491.


Package hyperref Warning: Glyph not defined in PD1 encoding,
(hyperref)                removing `\h' on input line 491.


Package hyperref Warning: Glyph not defined in PD1 encoding,
(hyperref)                removing `\ecircumflex' on input line 491.

<Image/create.png, id=807, 968.61874pt x 417.56pt>
File: Image/create.png Graphic file (type png)
<use Image/create.png>
Package pdftex.def Info: Image/create.png  used on input line 494.
(pdftex.def)             Requested size: 387.44063pt x 167.02103pt.

Package hyperref Warning: Composite letter `\textasciigrave+\ocircumflex'
(hyperref)                not defined in PD1 encoding,
(hyperref)                removing `\textasciigrave' on input line 496.


Package hyperref Warning: Glyph not defined in PD1 encoding,
(hyperref)                removing `\ocircumflex' on input line 496.


Package hyperref Warning: Composite letter `\texttilde+e'
(hyperref)                not defined in PD1 encoding,
(hyperref)                removing `\texttilde' on input line 496.


Package hyperref Warning: Glyph not defined in PD1 encoding,
(hyperref)                removing `\dj' on input line 496.

<Image/poly.png, id=808, 970.62625pt x 497.86pt>
File: Image/poly.png Graphic file (type png)
<use Image/poly.png>
Package pdftex.def Info: Image/poly.png  used on input line 499.
(pdftex.def)             Requested size: 388.24362pt x 199.14047pt.

Package hyperref Warning: Composite letter `\texttilde+e'
(hyperref)                not defined in PD1 encoding,
(hyperref)                removing `\texttilde' on input line 501.


Package hyperref Warning: Glyph not defined in PD1 encoding,
(hyperref)                removing `\h' on input line 501.


Package hyperref Warning: Glyph not defined in PD1 encoding,
(hyperref)                removing `\dj' on input line 501.


Package hyperref Warning: Composite letter `\textdotbelow+\ocircumflex'
(hyperref)                not defined in PD1 encoding,
(hyperref)                removing `\textdotbelow' on input line 501.


Package hyperref Warning: Glyph not defined in PD1 encoding,
(hyperref)                removing `\ocircumflex' on input line 501.


Package hyperref Warning: Glyph not defined in PD1 encoding,
(hyperref)                removing `\h' on input line 501.


Package hyperref Warning: Glyph not defined in PD1 encoding,
(hyperref)                removing `\ecircumflex' on input line 501.


Package hyperref Warning: Composite letter `\textdotbelow+\ecircumflex'
(hyperref)                not defined in PD1 encoding,
(hyperref)                removing `\textdotbelow' on input line 501.


Package hyperref Warning: Glyph not defined in PD1 encoding,
(hyperref)                removing `\ecircumflex' on input line 501.


Package hyperref Warning: Glyph not defined in PD1 encoding,
(hyperref)                removing `\uhorn' on input line 501.


Package hyperref Warning: Composite letter `\textacute+\ohorn'
(hyperref)                not defined in PD1 encoding,
(hyperref)                removing `\textacute' on input line 501.


Package hyperref Warning: Glyph not defined in PD1 encoding,
(hyperref)                removing `\ohorn' on input line 501.


Package hyperref Warning: Glyph not defined in PD1 encoding,
(hyperref)                removing `\h' on input line 501.


Package hyperref Warning: Composite letter `\textdotbelow+\acircumflex'
(hyperref)                not defined in PD1 encoding,
(hyperref)                removing `\textdotbelow' on input line 501.


Package hyperref Warning: Glyph not defined in PD1 encoding,
(hyperref)                removing `\acircumflex' on input line 501.

<Image/ani.png, id=809, 973.6375pt x 458.71375pt>
File: Image/ani.png Graphic file (type png)
<use Image/ani.png>
Package pdftex.def Info: Image/ani.png  used on input line 504.
(pdftex.def)             Requested size: 389.44809pt x 183.48224pt.

Package Fancyhdr Warning: \headheight is too small (12.0pt): 
 Make it at least 14.93912pt.
 We now make it that large for the rest of the document.
 This may cause the page layout to be inconsistent, however.

[18 </home/tanh/TanhLearn/ThucHanhTinhToan/BaiTapLon/ConvexHull/Image/create.png (PNG copy)> </home/tanh/TanhLearn/ThucHanhTinhToan/BaiTapLon/ConvexHull/Image/poly.png (PNG copy)>]

Package hyperref Warning: Composite letter `\textacute+\ecircumflex'
(hyperref)                not defined in PD1 encoding,
(hyperref)                removing `\textacute' on input line 506.


Package hyperref Warning: Glyph not defined in PD1 encoding,
(hyperref)                removing `\ecircumflex' on input line 506.


Package hyperref Warning: Composite letter `\textdotbelow+\acircumflex'
(hyperref)                not defined in PD1 encoding,
(hyperref)                removing `\textdotbelow' on input line 506.


Package hyperref Warning: Glyph not defined in PD1 encoding,
(hyperref)                removing `\acircumflex' on input line 506.


Package Fancyhdr Warning: \headheight is too small (12.0pt): 
 Make it at least 14.93912pt.
 We now make it that large for the rest of the document.
 This may cause the page layout to be inconsistent, however.

[19 </home/tanh/TanhLearn/ThucHanhTinhToan/BaiTapLon/ConvexHull/Image/ani.png (PNG copy)>]

Package hyperref Warning: Composite letter `\textdotbelow+\ecircumflex'
(hyperref)                not defined in PD1 encoding,
(hyperref)                removing `\textdotbelow' on input line 516.


Package hyperref Warning: Glyph not defined in PD1 encoding,
(hyperref)                removing `\ecircumflex' on input line 516.


Package hyperref Warning: Glyph not defined in PD1 encoding,
(hyperref)                removing `\h' on input line 516.


Underfull \hbox (badness 10000) in paragraph at lines 525--526
[][][]$\T5/cmtt/m/n/12 https : / / en . wikibooks . org / wiki / Algorithm _ Implementation /
 []

Package atveryend Info: Empty hook `BeforeClearDocument' on input line 530.

Package Fancyhdr Warning: \headheight is too small (12.0pt): 
 Make it at least 17.97171pt.
 We now make it that large for the rest of the document.
 This may cause the page layout to be inconsistent, however.

[20]
Package atveryend Info: Empty hook `AfterLastShipout' on input line 530.
 (/home/tanh/TanhLearn/ThucHanhTinhToan/BaiTapLon/ConvexHull/BTL_ConvexHull.aux)
Package atveryend Info: Executing hook `AtVeryEndDocument' on input line 530.
Package atveryend Info: Executing hook `AtEndAfterFileList' on input line 530.
Package rerunfilecheck Info: File `BTL_ConvexHull.out' has not changed.
(rerunfilecheck)             Checksum: 073EC61C30E2261853DA2060AFBEE10F;2032.
Package atveryend Info: Empty hook `AtVeryVeryEnd' on input line 530.
 ) 
Here is how much of TeX's memory you used:
 18867 strings out of 492982
 326879 string characters out of 6134896
 393871 words of memory out of 5000000
 22050 multiletter control sequences out of 15000+600000
 551156 words of font info for 61 fonts, out of 8000000 for 9000
 1141 hyphenation exceptions out of 8191
 59i,17n,94p,10479b,568s stack positions out of 5000i,500n,10000p,200000b,80000s
</usr/share/texlive/texmf-dist/fonts/type1/public/amsfonts/cm/cmmi12.pfb></usr/share/texlive/texmf-dist/fonts/type1/public/amsfonts/cm/cmmi8.pfb></usr/share/texlive/texmf-dist/fonts/type1/public/amsfonts/cm/cmr12.pfb></usr/share/texlive/texmf-dist/fonts/type1/public/amsfonts/cm/cmr8.pfb></usr/share/texlive/texmf-dist/fonts/type1/public/amsfonts/cm/cmsy10.pfb></usr/share/texlive/texmf-dist/fonts/type1/public/amsfonts/cm/cmsy8.pfb></usr/share/texlive/texmf-dist/fonts/type1/vntex/vnr/vnbx12.pfb></usr/share/texlive/texmf-dist/fonts/type1/vntex/vnr/vncsc10.pfb></usr/share/texlive/texmf-dist/fonts/type1/vntex/vnr/vnr10.pfb></usr/share/texlive/texmf-dist/fonts/type1/vntex/vnr/vnr12.pfb></usr/share/texlive/texmf-dist/fonts/type1/vntex/vnr/vnti12.pfb></usr/share/texlive/texmf-dist/fonts/type1/vntex/vnr/vntt10.pfb></usr/share/texlive/texmf-dist/fonts/type1/vntex/vnr/vntt12.pfb>
Output written on /home/tanh/TanhLearn/ThucHanhTinhToan/BaiTapLon/ConvexHull/BTL_ConvexHull.pdf (21 pages, 609218 bytes).
PDF statistics:
 895 PDF objects out of 1000 (max. 8388607)
 542 compressed objects within 6 object streams
 77 named destinations out of 1000 (max. 500000)
 1649 words of extra memory for PDF output out of 10000 (max. 10000000)

