\BOOKMARK [0][-]{part.1}{I B\340i to\341n bao li v\340 thut to\341n Monotone chain}{}% 1
\BOOKMARK [1][-]{section.1.1}{Gii thiu bao li 2D}{part.1}% 2
\BOOKMARK [2][-]{subsection.1.1.1}{\320inh ngh\232a}{section.1.1}% 3
\BOOKMARK [2][-]{subsection.1.1.2}{Giai th\355ch trc quan v bao li tr\352n mt phng}{section.1.1}% 4
\BOOKMARK [1][-]{section.1.2}{Thut to\341n t\354m bao li - Monotone chain}{part.1}% 5
\BOOKMARK [2][-]{subsection.1.2.1}{Gii thiu}{section.1.2}% 6
\BOOKMARK [2][-]{subsection.1.2.2}{Nguy\352n l\375}{section.1.2}% 7
\BOOKMARK [2][-]{subsection.1.2.3}{Thut to\341n}{section.1.2}% 8
\BOOKMARK [2][-]{subsection.1.2.4}{Gia m\343 \(Pseudo-code\)}{section.1.2}% 9
\BOOKMARK [0][-]{part.2}{II Biu din b\340i to\341n vi Maple}{}% 10
\BOOKMARK [1][-]{section.2.1}{M\343 ngun}{part.2}% 11
\BOOKMARK [2][-]{subsection.2.1.1}{H\340m ch\355nh}{section.2.1}% 12
\BOOKMARK [3][-]{subsubsection.2.1.1.1}{H\340m "isCCW"}{subsection.2.1.1}% 13
\BOOKMARK [3][-]{subsubsection.2.1.1.2}{H\340m "ConvexHull"}{subsection.2.1.1}% 14
\BOOKMARK [2][-]{subsection.2.1.2}{H\340m phu}{section.2.1}% 15
\BOOKMARK [3][-]{subsubsection.2.1.2.1}{H\340m 'RandPoints'}{subsection.2.1.2}% 16
\BOOKMARK [3][-]{subsubsection.2.1.2.2}{H\340m 'myPlot'}{subsection.2.1.2}% 17
\BOOKMARK [3][-]{subsubsection.2.1.2.3}{H\340m 'AniConvexHull'}{subsection.2.1.2}% 18
\BOOKMARK [1][-]{section.2.2}{Thc nghim}{part.2}% 19
\BOOKMARK [1][-]{section.2.3}{Giao din trong ConvexHullSuper.mw}{part.2}% 20
\BOOKMARK [2][-]{subsection.2.3.1}{M\343 ngun}{section.2.3}% 21
\BOOKMARK [2][-]{subsection.2.3.2}{Giao din ch\355nh}{section.2.3}% 22
\BOOKMARK [3][-]{subsubsection.2.3.2.1}{Tao danh s\341ch im}{subsection.2.3.2}% 23
\BOOKMARK [3][-]{subsubsection.2.3.2.2}{T\354m bao li v\340 ve a gi\341c}{subsection.2.3.2}% 24
\BOOKMARK [3][-]{subsubsection.2.3.2.3}{Ve anh ng th hin c\341c bc cua thut to\341n}{subsection.2.3.2}% 25
\BOOKMARK [1][-]{section.2.4}{Kt lun}{part.2}% 26
\BOOKMARK [1][-]{section*.23}{T\340i liu tham khao}{part.2}% 27
